import os
LOG_DIR = os.path.join(BASE_DIR, 'logs')
os.makedirs(LOG_DIR, exist_ok=True)

LOGGING = {
    'version': 1,
    'disable_existing_loggers': False,
    'formatters': {
        'verbose': {
            'format': '{levelname} {asctime} {module} {message}',
            'style': '{',
        },
    },
    'handlers': {
        'console': {
            'class': 'logging.StreamHandler',
            'formatter': 'verbose',
        },
        'file': {
            'class': 'logging.handlers.RotatingFileHandler',
            'filename': BASE_DIR / 'logs' / 'django.log',
            'maxBytes': 1024 * 1024 * 10,  # 10MB
            'backupCount': 5,
            'formatter': 'verbose',
        },
    },
    'loggers': {
        'django': {
            'handlers': ['console', 'file'],
            'level': 'INFO',
        },
        'orders': {
            'handlers': ['console', 'file'],
            'level': 'INFO',
        },
        'notifications': {
            'handlers': ['console', 'file'],
            'level': 'INFO',
        },
    },
}ERROR 2025-12-22 16:26:23,945 log 17500 5648 Internal Server Error: /
Traceback (most recent call last):
  File "C:\Users\HP\Desktop\Zunto-1\Zunto\venv\Lib\site-packages\django\core\handlers\exception.py", line 55, in inner
    response = get_response(request)
  File "C:\Users\HP\Desktop\Zunto-1\Zunto\venv\Lib\site-packages\django\core\handlers\base.py", line 197, in _get_response
    response = wrapped_callback(request, *callback_args, **callback_kwargs)
  File "C:\Users\HP\Desktop\Zunto-1\Zunto\accounts\views.py", line 315, in home
    return render(request, "homepage.html")
  File "C:\Users\HP\Desktop\Zunto-1\Zunto\venv\Lib\site-packages\django\shortcuts.py", line 25, in render
    content = loader.render_to_string(template_name, context, request, using=using)
  File "C:\Users\HP\Desktop\Zunto-1\Zunto\venv\Lib\site-packages\django\template\loader.py", line 61, in render_to_string
    template = get_template(template_name, using=using)
  File "C:\Users\HP\Desktop\Zunto-1\Zunto\venv\Lib\site-packages\django\template\loader.py", line 19, in get_template
    raise TemplateDoesNotExist(template_name, chain=chain)
django.template.exceptions.TemplateDoesNotExist: homepage.html
ERROR 2025-12-22 16:26:23,948 basehttp 17500 5648 "GET / HTTP/1.1" 500 88720
ERROR 2025-12-22 16:29:00,765 log 14692 16924 Internal Server Error: /
Traceback (most recent call last):
  File "C:\Users\HP\Desktop\Zunto-1\Zunto\venv\Lib\site-packages\django\core\handlers\exception.py", line 55, in inner
    response = get_response(request)
  File "C:\Users\HP\Desktop\Zunto-1\Zunto\venv\Lib\site-packages\django\core\handlers\base.py", line 197, in _get_response
    response = wrapped_callback(request, *callback_args, **callback_kwargs)
  File "C:\Users\HP\Desktop\Zunto-1\Zunto\accounts\views.py", line 312, in home
    return render(request, "homepage.html")
  File "C:\Users\HP\Desktop\Zunto-1\Zunto\venv\Lib\site-packages\django\shortcuts.py", line 25, in render
    content = loader.render_to_string(template_name, context, request, using=using)
  File "C:\Users\HP\Desktop\Zunto-1\Zunto\venv\Lib\site-packages\django\template\loader.py", line 61, in render_to_string
    template = get_template(template_name, using=using)
  File "C:\Users\HP\Desktop\Zunto-1\Zunto\venv\Lib\site-packages\django\template\loader.py", line 19, in get_template
    raise TemplateDoesNotExist(template_name, chain=chain)
django.template.exceptions.TemplateDoesNotExist: homepage.html
ERROR 2025-12-22 16:29:00,771 basehttp 14692 16924 "GET / HTTP/1.1" 500 88998
ERROR 2025-12-22 16:29:03,039 log 14692 16924 Internal Server Error: /
Traceback (most recent call last):
  File "C:\Users\HP\Desktop\Zunto-1\Zunto\venv\Lib\site-packages\django\core\handlers\exception.py", line 55, in inner
    response = get_response(request)
  File "C:\Users\HP\Desktop\Zunto-1\Zunto\venv\Lib\site-packages\django\core\handlers\base.py", line 197, in _get_response
    response = wrapped_callback(request, *callback_args, **callback_kwargs)
  File "C:\Users\HP\Desktop\Zunto-1\Zunto\accounts\views.py", line 312, in home
    return render(request, "homepage.html")
  File "C:\Users\HP\Desktop\Zunto-1\Zunto\venv\Lib\site-packages\django\shortcuts.py", line 25, in render
    content = loader.render_to_string(template_name, context, request, using=using)
  File "C:\Users\HP\Desktop\Zunto-1\Zunto\venv\Lib\site-packages\django\template\loader.py", line 61, in render_to_string
    template = get_template(template_name, using=using)
  File "C:\Users\HP\Desktop\Zunto-1\Zunto\venv\Lib\site-packages\django\template\loader.py", line 19, in get_template
    raise TemplateDoesNotExist(template_name, chain=chain)
django.template.exceptions.TemplateDoesNotExist: homepage.html
ERROR 2025-12-22 16:29:03,040 basehttp 14692 16924 "GET / HTTP/1.1" 500 88998
ERROR 2025-12-22 16:29:03,252 log 14692 16924 Internal Server Error: /
Traceback (most recent call last):
  File "C:\Users\HP\Desktop\Zunto-1\Zunto\venv\Lib\site-packages\django\core\handlers\exception.py", line 55, in inner
    response = get_response(request)
  File "C:\Users\HP\Desktop\Zunto-1\Zunto\venv\Lib\site-packages\django\core\handlers\base.py", line 197, in _get_response
    response = wrapped_callback(request, *callback_args, **callback_kwargs)
  File "C:\Users\HP\Desktop\Zunto-1\Zunto\accounts\views.py", line 312, in home
    return render(request, "homepage.html")
  File "C:\Users\HP\Desktop\Zunto-1\Zunto\venv\Lib\site-packages\django\shortcuts.py", line 25, in render
    content = loader.render_to_string(template_name, context, request, using=using)
  File "C:\Users\HP\Desktop\Zunto-1\Zunto\venv\Lib\site-packages\django\template\loader.py", line 61, in render_to_string
    template = get_template(template_name, using=using)
  File "C:\Users\HP\Desktop\Zunto-1\Zunto\venv\Lib\site-packages\django\template\loader.py", line 19, in get_template
    raise TemplateDoesNotExist(template_name, chain=chain)
django.template.exceptions.TemplateDoesNotExist: homepage.html
ERROR 2025-12-22 16:29:03,254 basehttp 14692 16924 "GET / HTTP/1.1" 500 88998
ERROR 2025-12-22 16:29:03,436 log 14692 16924 Internal Server Error: /
Traceback (most recent call last):
  File "C:\Users\HP\Desktop\Zunto-1\Zunto\venv\Lib\site-packages\django\core\handlers\exception.py", line 55, in inner
    response = get_response(request)
  File "C:\Users\HP\Desktop\Zunto-1\Zunto\venv\Lib\site-packages\django\core\handlers\base.py", line 197, in _get_response
    response = wrapped_callback(request, *callback_args, **callback_kwargs)
  File "C:\Users\HP\Desktop\Zunto-1\Zunto\accounts\views.py", line 312, in home
    return render(request, "homepage.html")
  File "C:\Users\HP\Desktop\Zunto-1\Zunto\venv\Lib\site-packages\django\shortcuts.py", line 25, in render
    content = loader.render_to_string(template_name, context, request, using=using)
  File "C:\Users\HP\Desktop\Zunto-1\Zunto\venv\Lib\site-packages\django\template\loader.py", line 61, in render_to_string
    template = get_template(template_name, using=using)
  File "C:\Users\HP\Desktop\Zunto-1\Zunto\venv\Lib\site-packages\django\template\loader.py", line 19, in get_template
    raise TemplateDoesNotExist(template_name, chain=chain)
django.template.exceptions.TemplateDoesNotExist: homepage.html
ERROR 2025-12-22 16:29:03,437 basehttp 14692 16924 "GET / HTTP/1.1" 500 88998
ERROR 2025-12-22 16:29:03,625 log 14692 16924 Internal Server Error: /
Traceback (most recent call last):
  File "C:\Users\HP\Desktop\Zunto-1\Zunto\venv\Lib\site-packages\django\core\handlers\exception.py", line 55, in inner
    response = get_response(request)
  File "C:\Users\HP\Desktop\Zunto-1\Zunto\venv\Lib\site-packages\django\core\handlers\base.py", line 197, in _get_response
    response = wrapped_callback(request, *callback_args, **callback_kwargs)
  File "C:\Users\HP\Desktop\Zunto-1\Zunto\accounts\views.py", line 312, in home
    return render(request, "homepage.html")
  File "C:\Users\HP\Desktop\Zunto-1\Zunto\venv\Lib\site-packages\django\shortcuts.py", line 25, in render
    content = loader.render_to_string(template_name, context, request, using=using)
  File "C:\Users\HP\Desktop\Zunto-1\Zunto\venv\Lib\site-packages\django\template\loader.py", line 61, in render_to_string
    template = get_template(template_name, using=using)
  File "C:\Users\HP\Desktop\Zunto-1\Zunto\venv\Lib\site-packages\django\template\loader.py", line 19, in get_template
    raise TemplateDoesNotExist(template_name, chain=chain)
django.template.exceptions.TemplateDoesNotExist: homepage.html
ERROR 2025-12-22 16:29:03,627 basehttp 14692 16924 "GET / HTTP/1.1" 500 88998
ERROR 2025-12-22 16:29:03,789 log 14692 16924 Internal Server Error: /
Traceback (most recent call last):
  File "C:\Users\HP\Desktop\Zunto-1\Zunto\venv\Lib\site-packages\django\core\handlers\exception.py", line 55, in inner
    response = get_response(request)
  File "C:\Users\HP\Desktop\Zunto-1\Zunto\venv\Lib\site-packages\django\core\handlers\base.py", line 197, in _get_response
    response = wrapped_callback(request, *callback_args, **callback_kwargs)
  File "C:\Users\HP\Desktop\Zunto-1\Zunto\accounts\views.py", line 312, in home
    return render(request, "homepage.html")
  File "C:\Users\HP\Desktop\Zunto-1\Zunto\venv\Lib\site-packages\django\shortcuts.py", line 25, in render
    content = loader.render_to_string(template_name, context, request, using=using)
  File "C:\Users\HP\Desktop\Zunto-1\Zunto\venv\Lib\site-packages\django\template\loader.py", line 61, in render_to_string
    template = get_template(template_name, using=using)
  File "C:\Users\HP\Desktop\Zunto-1\Zunto\venv\Lib\site-packages\django\template\loader.py", line 19, in get_template
    raise TemplateDoesNotExist(template_name, chain=chain)
django.template.exceptions.TemplateDoesNotExist: homepage.html
ERROR 2025-12-22 16:29:03,792 basehttp 14692 16924 "GET / HTTP/1.1" 500 88998
ERROR 2025-12-22 16:29:56,235 log 10188 10700 Internal Server Error: /
Traceback (most recent call last):
  File "C:\Users\HP\Desktop\Zunto-1\Zunto\venv\Lib\site-packages\django\core\handlers\exception.py", line 55, in inner
    response = get_response(request)
  File "C:\Users\HP\Desktop\Zunto-1\Zunto\venv\Lib\site-packages\django\core\handlers\base.py", line 197, in _get_response
    response = wrapped_callback(request, *callback_args, **callback_kwargs)
  File "C:\Users\HP\Desktop\Zunto-1\Zunto\accounts\views.py", line 312, in home
    return render(request, "accounts/accounts.html")
  File "C:\Users\HP\Desktop\Zunto-1\Zunto\venv\Lib\site-packages\django\shortcuts.py", line 25, in render
    content = loader.render_to_string(template_name, context, request, using=using)
  File "C:\Users\HP\Desktop\Zunto-1\Zunto\venv\Lib\site-packages\django\template\loader.py", line 61, in render_to_string
    template = get_template(template_name, using=using)
  File "C:\Users\HP\Desktop\Zunto-1\Zunto\venv\Lib\site-packages\django\template\loader.py", line 19, in get_template
    raise TemplateDoesNotExist(template_name, chain=chain)
django.template.exceptions.TemplateDoesNotExist: accounts/accounts.html
ERROR 2025-12-22 16:29:56,239 basehttp 10188 10700 "GET / HTTP/1.1" 500 89233
ERROR 2025-12-22 16:29:57,085 log 10188 10700 Internal Server Error: /
Traceback (most recent call last):
  File "C:\Users\HP\Desktop\Zunto-1\Zunto\venv\Lib\site-packages\django\core\handlers\exception.py", line 55, in inner
    response = get_response(request)
  File "C:\Users\HP\Desktop\Zunto-1\Zunto\venv\Lib\site-packages\django\core\handlers\base.py", line 197, in _get_response
    response = wrapped_callback(request, *callback_args, **callback_kwargs)
  File "C:\Users\HP\Desktop\Zunto-1\Zunto\accounts\views.py", line 312, in home
    return render(request, "accounts/accounts.html")
  File "C:\Users\HP\Desktop\Zunto-1\Zunto\venv\Lib\site-packages\django\shortcuts.py", line 25, in render
    content = loader.render_to_string(template_name, context, request, using=using)
  File "C:\Users\HP\Desktop\Zunto-1\Zunto\venv\Lib\site-packages\django\template\loader.py", line 61, in render_to_string
    template = get_template(template_name, using=using)
  File "C:\Users\HP\Desktop\Zunto-1\Zunto\venv\Lib\site-packages\django\template\loader.py", line 19, in get_template
    raise TemplateDoesNotExist(template_name, chain=chain)
django.template.exceptions.TemplateDoesNotExist: accounts/accounts.html
ERROR 2025-12-22 16:29:57,087 basehttp 10188 10700 "GET / HTTP/1.1" 500 89233
ERROR 2025-12-22 16:29:57,411 log 10188 10700 Internal Server Error: /
Traceback (most recent call last):
  File "C:\Users\HP\Desktop\Zunto-1\Zunto\venv\Lib\site-packages\django\core\handlers\exception.py", line 55, in inner
    response = get_response(request)
  File "C:\Users\HP\Desktop\Zunto-1\Zunto\venv\Lib\site-packages\django\core\handlers\base.py", line 197, in _get_response
    response = wrapped_callback(request, *callback_args, **callback_kwargs)
  File "C:\Users\HP\Desktop\Zunto-1\Zunto\accounts\views.py", line 312, in home
    return render(request, "accounts/accounts.html")
  File "C:\Users\HP\Desktop\Zunto-1\Zunto\venv\Lib\site-packages\django\shortcuts.py", line 25, in render
    content = loader.render_to_string(template_name, context, request, using=using)
  File "C:\Users\HP\Desktop\Zunto-1\Zunto\venv\Lib\site-packages\django\template\loader.py", line 61, in render_to_string
    template = get_template(template_name, using=using)
  File "C:\Users\HP\Desktop\Zunto-1\Zunto\venv\Lib\site-packages\django\template\loader.py", line 19, in get_template
    raise TemplateDoesNotExist(template_name, chain=chain)
django.template.exceptions.TemplateDoesNotExist: accounts/accounts.html
ERROR 2025-12-22 16:29:57,414 basehttp 10188 10700 "GET / HTTP/1.1" 500 89233
ERROR 2025-12-22 17:04:49,015 log 19452 16692 Internal Server Error: /
Traceback (most recent call last):
  File "C:\Users\HP\Desktop\Zunto-1\.venv\Lib\site-packages\django\core\handlers\exception.py", line 55, in inner
    response = get_response(request)
  File "C:\Users\HP\Desktop\Zunto-1\.venv\Lib\site-packages\django\core\handlers\base.py", line 197, in _get_response
    response = wrapped_callback(request, *callback_args, **callback_kwargs)
  File "C:\Users\HP\Desktop\Zunto-1\Zunto\accounts\views.py", line 312, in home
    return render(request, "accounts/homepage.html")
  File "C:\Users\HP\Desktop\Zunto-1\.venv\Lib\site-packages\django\shortcuts.py", line 25, in render
    content = loader.render_to_string(template_name, context, request, using=using)
  File "C:\Users\HP\Desktop\Zunto-1\.venv\Lib\site-packages\django\template\loader.py", line 62, in render_to_string
    return template.render(context, request)
           ~~~~~~~~~~~~~~~^^^^^^^^^^^^^^^^^^
  File "C:\Users\HP\Desktop\Zunto-1\.venv\Lib\site-packages\django\template\backends\django.py", line 107, in render
    return self.template.render(context)
           ~~~~~~~~~~~~~~~~~~~~^^^^^^^^^
  File "C:\Users\HP\Desktop\Zunto-1\.venv\Lib\site-packages\django\template\base.py", line 171, in render
    return self._render(context)
           ~~~~~~~~~~~~^^^^^^^^^
  File "C:\Users\HP\Desktop\Zunto-1\.venv\Lib\site-packages\django\template\base.py", line 163, in _render
    return self.nodelist.render(context)
           ~~~~~~~~~~~~~~~~~~~~^^^^^^^^^
  File "C:\Users\HP\Desktop\Zunto-1\.venv\Lib\site-packages\django\template\base.py", line 1016, in render
    return SafeString("".join([node.render_annotated(context) for node in self]))
                               ~~~~~~~~~~~~~~~~~~~~~^^^^^^^^^
  File "C:\Users\HP\Desktop\Zunto-1\.venv\Lib\site-packages\django\template\base.py", line 977, in render_annotated
    return self.render(context)
           ~~~~~~~~~~~^^^^^^^^^
  File "C:\Users\HP\Desktop\Zunto-1\.venv\Lib\site-packages\django\template\loader_tags.py", line 159, in render
    return compiled_parent._render(context)
           ~~~~~~~~~~~~~~~~~~~~~~~^^^^^^^^^
  File "C:\Users\HP\Desktop\Zunto-1\.venv\Lib\site-packages\django\template\base.py", line 163, in _render
    return self.nodelist.render(context)
           ~~~~~~~~~~~~~~~~~~~~^^^^^^^^^
  File "C:\Users\HP\Desktop\Zunto-1\.venv\Lib\site-packages\django\template\base.py", line 1016, in render
    return SafeString("".join([node.render_annotated(context) for node in self]))
                               ~~~~~~~~~~~~~~~~~~~~~^^^^^^^^^
  File "C:\Users\HP\Desktop\Zunto-1\.venv\Lib\site-packages\django\template\base.py", line 977, in render_annotated
    return self.render(context)
           ~~~~~~~~~~~^^^^^^^^^
  File "C:\Users\HP\Desktop\Zunto-1\.venv\Lib\site-packages\django\template\loader_tags.py", line 199, in render
    template = context.template.engine.select_template(template_name)
  File "C:\Users\HP\Desktop\Zunto-1\.venv\Lib\site-packages\django\template\engine.py", line 208, in select_template
    return self.get_template(template_name)
           ~~~~~~~~~~~~~~~~~^^^^^^^^^^^^^^^
  File "C:\Users\HP\Desktop\Zunto-1\.venv\Lib\site-packages\django\template\engine.py", line 177, in get_template
    template, origin = self.find_template(template_name)
                       ~~~~~~~~~~~~~~~~~~^^^^^^^^^^^^^^^
  File "C:\Users\HP\Desktop\Zunto-1\.venv\Lib\site-packages\django\template\engine.py", line 159, in find_template
    template = loader.get_template(name, skip=skip)
  File "C:\Users\HP\Desktop\Zunto-1\.venv\Lib\site-packages\django\template\loaders\cached.py", line 57, in get_template
    template = super().get_template(template_name, skip)
  File "C:\Users\HP\Desktop\Zunto-1\.venv\Lib\site-packages\django\template\loaders\base.py", line 28, in get_template
    return Template(
        contents,
    ...<2 lines>...
        self.engine,
    )
  File "C:\Users\HP\Desktop\Zunto-1\.venv\Lib\site-packages\django\template\base.py", line 154, in __init__
    self.nodelist = self.compile_nodelist()
                    ~~~~~~~~~~~~~~~~~~~~~^^
  File "C:\Users\HP\Desktop\Zunto-1\.venv\Lib\site-packages\django\template\base.py", line 196, in compile_nodelist
    nodelist = parser.parse()
  File "C:\Users\HP\Desktop\Zunto-1\.venv\Lib\site-packages\django\template\base.py", line 519, in parse
    self.extend_nodelist(nodelist, compiled_result, token)
    ~~~~~~~~~~~~~~~~~~~~^^^^^^^^^^^^^^^^^^^^^^^^^^^^^^^^^^
  File "C:\Users\HP\Desktop\Zunto-1\.venv\Lib\site-packages\django\template\base.py", line 540, in extend_nodelist
    raise self.error(
    ...<2 lines>...
    )
django.template.exceptions.TemplateSyntaxError: {% extends "base.html" %} must be the first tag in 'navbar.html'.
ERROR 2025-12-22 17:04:49,024 basehttp 19452 16692 "GET / HTTP/1.1" 500 182525
ERROR 2025-12-22 17:05:01,138 log 19452 16692 Internal Server Error: /
Traceback (most recent call last):
  File "C:\Users\HP\Desktop\Zunto-1\.venv\Lib\site-packages\django\core\handlers\exception.py", line 55, in inner
    response = get_response(request)
  File "C:\Users\HP\Desktop\Zunto-1\.venv\Lib\site-packages\django\core\handlers\base.py", line 197, in _get_response
    response = wrapped_callback(request, *callback_args, **callback_kwargs)
  File "C:\Users\HP\Desktop\Zunto-1\Zunto\accounts\views.py", line 312, in home
    return render(request, "accounts/homepage.html")
  File "C:\Users\HP\Desktop\Zunto-1\.venv\Lib\site-packages\django\shortcuts.py", line 25, in render
    content = loader.render_to_string(template_name, context, request, using=using)
  File "C:\Users\HP\Desktop\Zunto-1\.venv\Lib\site-packages\django\template\loader.py", line 62, in render_to_string
    return template.render(context, request)
           ~~~~~~~~~~~~~~~^^^^^^^^^^^^^^^^^^
  File "C:\Users\HP\Desktop\Zunto-1\.venv\Lib\site-packages\django\template\backends\django.py", line 107, in render
    return self.template.render(context)
           ~~~~~~~~~~~~~~~~~~~~^^^^^^^^^
  File "C:\Users\HP\Desktop\Zunto-1\.venv\Lib\site-packages\django\template\base.py", line 171, in render
    return self._render(context)
           ~~~~~~~~~~~~^^^^^^^^^
  File "C:\Users\HP\Desktop\Zunto-1\.venv\Lib\site-packages\django\template\base.py", line 163, in _render
    return self.nodelist.render(context)
           ~~~~~~~~~~~~~~~~~~~~^^^^^^^^^
  File "C:\Users\HP\Desktop\Zunto-1\.venv\Lib\site-packages\django\template\base.py", line 1016, in render
    return SafeString("".join([node.render_annotated(context) for node in self]))
                               ~~~~~~~~~~~~~~~~~~~~~^^^^^^^^^
  File "C:\Users\HP\Desktop\Zunto-1\.venv\Lib\site-packages\django\template\base.py", line 977, in render_annotated
    return self.render(context)
           ~~~~~~~~~~~^^^^^^^^^
  File "C:\Users\HP\Desktop\Zunto-1\.venv\Lib\site-packages\django\template\loader_tags.py", line 159, in render
    return compiled_parent._render(context)
           ~~~~~~~~~~~~~~~~~~~~~~~^^^^^^^^^
  File "C:\Users\HP\Desktop\Zunto-1\.venv\Lib\site-packages\django\template\base.py", line 163, in _render
    return self.nodelist.render(context)
           ~~~~~~~~~~~~~~~~~~~~^^^^^^^^^
  File "C:\Users\HP\Desktop\Zunto-1\.venv\Lib\site-packages\django\template\base.py", line 1016, in render
    return SafeString("".join([node.render_annotated(context) for node in self]))
                               ~~~~~~~~~~~~~~~~~~~~~^^^^^^^^^
  File "C:\Users\HP\Desktop\Zunto-1\.venv\Lib\site-packages\django\template\base.py", line 977, in render_annotated
    return self.render(context)
           ~~~~~~~~~~~^^^^^^^^^
  File "C:\Users\HP\Desktop\Zunto-1\.venv\Lib\site-packages\django\template\loader_tags.py", line 210, in render
    return template.render(context)
           ~~~~~~~~~~~~~~~^^^^^^^^^
  File "C:\Users\HP\Desktop\Zunto-1\.venv\Lib\site-packages\django\template\base.py", line 173, in render
    return self._render(context)
           ~~~~~~~~~~~~^^^^^^^^^
  File "C:\Users\HP\Desktop\Zunto-1\.venv\Lib\site-packages\django\template\base.py", line 163, in _render
    return self.nodelist.render(context)
           ~~~~~~~~~~~~~~~~~~~~^^^^^^^^^
  File "C:\Users\HP\Desktop\Zunto-1\.venv\Lib\site-packages\django\template\base.py", line 1016, in render
    return SafeString("".join([node.render_annotated(context) for node in self]))
                               ~~~~~~~~~~~~~~~~~~~~~^^^^^^^^^
  File "C:\Users\HP\Desktop\Zunto-1\.venv\Lib\site-packages\django\template\base.py", line 977, in render_annotated
    return self.render(context)
           ~~~~~~~~~~~^^^^^^^^^
  File "C:\Users\HP\Desktop\Zunto-1\.venv\Lib\site-packages\django\template\loader_tags.py", line 56, in render
    result = self.nodelist.render(context)
  File "C:\Users\HP\Desktop\Zunto-1\.venv\Lib\site-packages\django\template\base.py", line 1016, in render
    return SafeString("".join([node.render_annotated(context) for node in self]))
                               ~~~~~~~~~~~~~~~~~~~~~^^^^^^^^^
  File "C:\Users\HP\Desktop\Zunto-1\.venv\Lib\site-packages\django\template\base.py", line 977, in render_annotated
    return self.render(context)
           ~~~~~~~~~~~^^^^^^^^^
  File "C:\Users\HP\Desktop\Zunto-1\.venv\Lib\site-packages\django\template\defaulttags.py", line 480, in render
    url = reverse(view_name, args=args, kwargs=kwargs, current_app=current_app)
  File "C:\Users\HP\Desktop\Zunto-1\.venv\Lib\site-packages\django\urls\base.py", line 98, in reverse
    resolved_url = resolver._reverse_with_prefix(view, prefix, *args, **kwargs)
  File "C:\Users\HP\Desktop\Zunto-1\.venv\Lib\site-packages\django\urls\resolvers.py", line 831, in _reverse_with_prefix
    raise NoReverseMatch(msg)
django.urls.exceptions.NoReverseMatch: Reverse for 'shop' not found. 'shop' is not a valid view function or pattern name.
ERROR 2025-12-22 17:05:01,145 basehttp 19452 16692 "GET / HTTP/1.1" 500 176156
ERROR 2025-12-28 20:07:23,772 log 11212 17440 Internal Server Error: /
Traceback (most recent call last):
  File "C:\Users\HP\Desktop\Zunto-1\.venv\Lib\site-packages\django\core\handlers\exception.py", line 55, in inner
    response = get_response(request)
  File "C:\Users\HP\Desktop\Zunto-1\.venv\Lib\site-packages\django\core\handlers\base.py", line 197, in _get_response
    response = wrapped_callback(request, *callback_args, **callback_kwargs)
  File "C:\Users\HP\Desktop\Zunto-1\Zunto\accounts\views.py", line 312, in home
    return render(request, "accounts/homepage.html")
  File "C:\Users\HP\Desktop\Zunto-1\.venv\Lib\site-packages\django\shortcuts.py", line 25, in render
    content = loader.render_to_string(template_name, context, request, using=using)
  File "C:\Users\HP\Desktop\Zunto-1\.venv\Lib\site-packages\django\template\loader.py", line 61, in render_to_string
    template = get_template(template_name, using=using)
  File "C:\Users\HP\Desktop\Zunto-1\.venv\Lib\site-packages\django\template\loader.py", line 15, in get_template
    return engine.get_template(template_name)
           ~~~~~~~~~~~~~~~~~~~^^^^^^^^^^^^^^^
  File "C:\Users\HP\Desktop\Zunto-1\.venv\Lib\site-packages\django\template\backends\django.py", line 79, in get_template
    return Template(self.engine.get_template(template_name), self)
                    ~~~~~~~~~~~~~~~~~~~~~~~~^^^^^^^^^^^^^^^
  File "C:\Users\HP\Desktop\Zunto-1\.venv\Lib\site-packages\django\template\engine.py", line 177, in get_template
    template, origin = self.find_template(template_name)
                       ~~~~~~~~~~~~~~~~~~^^^^^^^^^^^^^^^
  File "C:\Users\HP\Desktop\Zunto-1\.venv\Lib\site-packages\django\template\engine.py", line 159, in find_template
    template = loader.get_template(name, skip=skip)
  File "C:\Users\HP\Desktop\Zunto-1\.venv\Lib\site-packages\django\template\loaders\cached.py", line 57, in get_template
    template = super().get_template(template_name, skip)
  File "C:\Users\HP\Desktop\Zunto-1\.venv\Lib\site-packages\django\template\loaders\base.py", line 28, in get_template
    return Template(
        contents,
    ...<2 lines>...
        self.engine,
    )
  File "C:\Users\HP\Desktop\Zunto-1\.venv\Lib\site-packages\django\template\base.py", line 154, in __init__
    self.nodelist = self.compile_nodelist()
                    ~~~~~~~~~~~~~~~~~~~~~^^
  File "C:\Users\HP\Desktop\Zunto-1\.venv\Lib\site-packages\django\template\base.py", line 196, in compile_nodelist
    nodelist = parser.parse()
  File "C:\Users\HP\Desktop\Zunto-1\.venv\Lib\site-packages\django\template\base.py", line 518, in parse
    raise self.error(token, e)
  File "C:\Users\HP\Desktop\Zunto-1\.venv\Lib\site-packages\django\template\base.py", line 516, in parse
    compiled_result = compile_func(self, token)
  File "C:\Users\HP\Desktop\Zunto-1\.venv\Lib\site-packages\django\template\loader_tags.py", line 299, in do_extends
    nodelist = parser.parse()
  File "C:\Users\HP\Desktop\Zunto-1\.venv\Lib\site-packages\django\template\base.py", line 518, in parse
    raise self.error(token, e)
  File "C:\Users\HP\Desktop\Zunto-1\.venv\Lib\site-packages\django\template\base.py", line 516, in parse
    compiled_result = compile_func(self, token)
  File "C:\Users\HP\Desktop\Zunto-1\.venv\Lib\site-packages\django\template\loader_tags.py", line 234, in do_block
    nodelist = parser.parse(("endblock",))
  File "C:\Users\HP\Desktop\Zunto-1\.venv\Lib\site-packages\django\template\base.py", line 518, in parse
    raise self.error(token, e)
  File "C:\Users\HP\Desktop\Zunto-1\.venv\Lib\site-packages\django\template\base.py", line 516, in parse
    compiled_result = compile_func(self, token)
  File "C:\Users\HP\Desktop\Zunto-1\.venv\Lib\site-packages\django\template\loader_tags.py", line 228, in do_block
    raise TemplateSyntaxError(
        "'%s' tag with name '%s' appears more than once" % (bits[0], block_name)
    )
django.template.exceptions.TemplateSyntaxError: 'block' tag with name 'content' appears more than once
ERROR 2025-12-28 20:07:23,783 basehttp 11212 17440 "GET / HTTP/1.1" 500 196458
ERROR 2025-12-28 20:07:45,820 log 11212 17440 Internal Server Error: /
Traceback (most recent call last):
  File "C:\Users\HP\Desktop\Zunto-1\.venv\Lib\site-packages\django\urls\base.py", line 81, in reverse
    extra, resolver = resolver.namespace_dict[ns]
                      ~~~~~~~~~~~~~~~~~~~~~~~^^^^
KeyError: 'dashboard'

During handling of the above exception, another exception occurred:

Traceback (most recent call last):
  File "C:\Users\HP\Desktop\Zunto-1\.venv\Lib\site-packages\django\core\handlers\exception.py", line 55, in inner
    response = get_response(request)
  File "C:\Users\HP\Desktop\Zunto-1\.venv\Lib\site-packages\django\core\handlers\base.py", line 197, in _get_response
    response = wrapped_callback(request, *callback_args, **callback_kwargs)
  File "C:\Users\HP\Desktop\Zunto-1\Zunto\accounts\views.py", line 312, in home
    return render(request, "accounts/homepage.html")
  File "C:\Users\HP\Desktop\Zunto-1\.venv\Lib\site-packages\django\shortcuts.py", line 25, in render
    content = loader.render_to_string(template_name, context, request, using=using)
  File "C:\Users\HP\Desktop\Zunto-1\.venv\Lib\site-packages\django\template\loader.py", line 62, in render_to_string
    return template.render(context, request)
           ~~~~~~~~~~~~~~~^^^^^^^^^^^^^^^^^^
  File "C:\Users\HP\Desktop\Zunto-1\.venv\Lib\site-packages\django\template\backends\django.py", line 107, in render
    return self.template.render(context)
           ~~~~~~~~~~~~~~~~~~~~^^^^^^^^^
  File "C:\Users\HP\Desktop\Zunto-1\.venv\Lib\site-packages\django\template\base.py", line 171, in render
    return self._render(context)
           ~~~~~~~~~~~~^^^^^^^^^
  File "C:\Users\HP\Desktop\Zunto-1\.venv\Lib\site-packages\django\template\base.py", line 163, in _render
    return self.nodelist.render(context)
           ~~~~~~~~~~~~~~~~~~~~^^^^^^^^^
  File "C:\Users\HP\Desktop\Zunto-1\.venv\Lib\site-packages\django\template\base.py", line 1016, in render
    return SafeString("".join([node.render_annotated(context) for node in self]))
                               ~~~~~~~~~~~~~~~~~~~~~^^^^^^^^^
  File "C:\Users\HP\Desktop\Zunto-1\.venv\Lib\site-packages\django\template\base.py", line 977, in render_annotated
    return self.render(context)
           ~~~~~~~~~~~^^^^^^^^^
  File "C:\Users\HP\Desktop\Zunto-1\.venv\Lib\site-packages\django\template\loader_tags.py", line 159, in render
    return compiled_parent._render(context)
           ~~~~~~~~~~~~~~~~~~~~~~~^^^^^^^^^
  File "C:\Users\HP\Desktop\Zunto-1\.venv\Lib\site-packages\django\template\base.py", line 163, in _render
    return self.nodelist.render(context)
           ~~~~~~~~~~~~~~~~~~~~^^^^^^^^^
  File "C:\Users\HP\Desktop\Zunto-1\.venv\Lib\site-packages\django\template\base.py", line 1016, in render
    return SafeString("".join([node.render_annotated(context) for node in self]))
                               ~~~~~~~~~~~~~~~~~~~~~^^^^^^^^^
  File "C:\Users\HP\Desktop\Zunto-1\.venv\Lib\site-packages\django\template\base.py", line 977, in render_annotated
    return self.render(context)
           ~~~~~~~~~~~^^^^^^^^^
  File "C:\Users\HP\Desktop\Zunto-1\.venv\Lib\site-packages\django\template\loader_tags.py", line 65, in render
    result = block.nodelist.render(context)
  File "C:\Users\HP\Desktop\Zunto-1\.venv\Lib\site-packages\django\template\base.py", line 1016, in render
    return SafeString("".join([node.render_annotated(context) for node in self]))
                               ~~~~~~~~~~~~~~~~~~~~~^^^^^^^^^
  File "C:\Users\HP\Desktop\Zunto-1\.venv\Lib\site-packages\django\template\base.py", line 977, in render_annotated
    return self.render(context)
           ~~~~~~~~~~~^^^^^^^^^
  File "C:\Users\HP\Desktop\Zunto-1\.venv\Lib\site-packages\django\template\defaulttags.py", line 480, in render
    url = reverse(view_name, args=args, kwargs=kwargs, current_app=current_app)
  File "C:\Users\HP\Desktop\Zunto-1\.venv\Lib\site-packages\django\urls\base.py", line 92, in reverse
    raise NoReverseMatch("%s is not a registered namespace" % key)
django.urls.exceptions.NoReverseMatch: 'dashboard' is not a registered namespace
ERROR 2025-12-28 20:07:45,828 basehttp 11212 17440 "GET / HTTP/1.1" 500 163062
ERROR 2025-12-28 20:08:55,488 log 11212 17440 Internal Server Error: /
Traceback (most recent call last):
  File "C:\Users\HP\Desktop\Zunto-1\.venv\Lib\site-packages\django\template\base.py", line 891, in _resolve_lookup
    current = current[bit]
              ~~~~~~~^^^^^
  File "C:\Users\HP\Desktop\Zunto-1\.venv\Lib\site-packages\django\utils\functional.py", line 253, in inner
    return func(_wrapped, *args)
TypeError: 'AnonymousUser' object is not subscriptable

During handling of the above exception, another exception occurred:

Traceback (most recent call last):
  File "C:\Users\HP\Desktop\Zunto-1\.venv\Lib\site-packages\django\template\base.py", line 901, in _resolve_lookup
    current = getattr(current, bit)
  File "C:\Users\HP\Desktop\Zunto-1\.venv\Lib\site-packages\django\utils\functional.py", line 253, in inner
    return func(_wrapped, *args)
AttributeError: 'AnonymousUser' object has no attribute 'email'

During handling of the above exception, another exception occurred:

Traceback (most recent call last):
  File "C:\Users\HP\Desktop\Zunto-1\.venv\Lib\site-packages\django\template\base.py", line 907, in _resolve_lookup
    current = current[int(bit)]
                      ~~~^^^^^
ValueError: invalid literal for int() with base 10: 'email'

During handling of the above exception, another exception occurred:

Traceback (most recent call last):
  File "C:\Users\HP\Desktop\Zunto-1\.venv\Lib\site-packages\django\core\handlers\exception.py", line 55, in inner
    response = get_response(request)
  File "C:\Users\HP\Desktop\Zunto-1\.venv\Lib\site-packages\django\core\handlers\base.py", line 197, in _get_response
    response = wrapped_callback(request, *callback_args, **callback_kwargs)
  File "C:\Users\HP\Desktop\Zunto-1\Zunto\accounts\views.py", line 312, in home
    return render(request, "accounts/homepage.html")
  File "C:\Users\HP\Desktop\Zunto-1\.venv\Lib\site-packages\django\shortcuts.py", line 25, in render
    content = loader.render_to_string(template_name, context, request, using=using)
  File "C:\Users\HP\Desktop\Zunto-1\.venv\Lib\site-packages\django\template\loader.py", line 62, in render_to_string
    return template.render(context, request)
           ~~~~~~~~~~~~~~~^^^^^^^^^^^^^^^^^^
  File "C:\Users\HP\Desktop\Zunto-1\.venv\Lib\site-packages\django\template\backends\django.py", line 107, in render
    return self.template.render(context)
           ~~~~~~~~~~~~~~~~~~~~^^^^^^^^^
  File "C:\Users\HP\Desktop\Zunto-1\.venv\Lib\site-packages\django\template\base.py", line 171, in render
    return self._render(context)
           ~~~~~~~~~~~~^^^^^^^^^
  File "C:\Users\HP\Desktop\Zunto-1\.venv\Lib\site-packages\django\template\base.py", line 163, in _render
    return self.nodelist.render(context)
           ~~~~~~~~~~~~~~~~~~~~^^^^^^^^^
  File "C:\Users\HP\Desktop\Zunto-1\.venv\Lib\site-packages\django\template\base.py", line 1016, in render
    return SafeString("".join([node.render_annotated(context) for node in self]))
                               ~~~~~~~~~~~~~~~~~~~~~^^^^^^^^^
  File "C:\Users\HP\Desktop\Zunto-1\.venv\Lib\site-packages\django\template\base.py", line 977, in render_annotated
    return self.render(context)
           ~~~~~~~~~~~^^^^^^^^^
  File "C:\Users\HP\Desktop\Zunto-1\.venv\Lib\site-packages\django\template\loader_tags.py", line 159, in render
    return compiled_parent._render(context)
           ~~~~~~~~~~~~~~~~~~~~~~~^^^^^^^^^
  File "C:\Users\HP\Desktop\Zunto-1\.venv\Lib\site-packages\django\template\base.py", line 163, in _render
    return self.nodelist.render(context)
           ~~~~~~~~~~~~~~~~~~~~^^^^^^^^^
  File "C:\Users\HP\Desktop\Zunto-1\.venv\Lib\site-packages\django\template\base.py", line 1016, in render
    return SafeString("".join([node.render_annotated(context) for node in self]))
                               ~~~~~~~~~~~~~~~~~~~~~^^^^^^^^^
  File "C:\Users\HP\Desktop\Zunto-1\.venv\Lib\site-packages\django\template\base.py", line 977, in render_annotated
    return self.render(context)
           ~~~~~~~~~~~^^^^^^^^^
  File "C:\Users\HP\Desktop\Zunto-1\.venv\Lib\site-packages\django\template\loader_tags.py", line 65, in render
    result = block.nodelist.render(context)
  File "C:\Users\HP\Desktop\Zunto-1\.venv\Lib\site-packages\django\template\base.py", line 1016, in render
    return SafeString("".join([node.render_annotated(context) for node in self]))
                               ~~~~~~~~~~~~~~~~~~~~~^^^^^^^^^
  File "C:\Users\HP\Desktop\Zunto-1\.venv\Lib\site-packages\django\template\base.py", line 977, in render_annotated
    return self.render(context)
           ~~~~~~~~~~~^^^^^^^^^
  File "C:\Users\HP\Desktop\Zunto-1\.venv\Lib\site-packages\django\template\base.py", line 1075, in render
    output = self.filter_expression.resolve(context)
  File "C:\Users\HP\Desktop\Zunto-1\.venv\Lib\site-packages\django\template\base.py", line 743, in resolve
    arg_vals.append(arg.resolve(context))
                    ~~~~~~~~~~~^^^^^^^^^
  File "C:\Users\HP\Desktop\Zunto-1\.venv\Lib\site-packages\django\template\base.py", line 854, in resolve
    value = self._resolve_lookup(context)
  File "C:\Users\HP\Desktop\Zunto-1\.venv\Lib\site-packages\django\template\base.py", line 914, in _resolve_lookup
    raise VariableDoesNotExist(
    ^^^^^^^^^^^^^^^^^^^^^^^^^^^
    ...<2 lines>...
    )  # missing attribute
    ^
django.template.base.VariableDoesNotExist: Failed lookup for key [email] in <SimpleLazyObject: <django.contrib.auth.models.AnonymousUser object at 0x000001D1030B0910>>
ERROR 2025-12-28 20:08:55,496 basehttp 11212 17440 "GET / HTTP/1.1" 500 183193
ERROR 2025-12-28 20:09:18,716 log 11212 17440 Internal Server Error: /
Traceback (most recent call last):
  File "C:\Users\HP\Desktop\Zunto-1\.venv\Lib\site-packages\django\template\base.py", line 891, in _resolve_lookup
    current = current[bit]
              ~~~~~~~^^^^^
  File "C:\Users\HP\Desktop\Zunto-1\.venv\Lib\site-packages\django\utils\functional.py", line 253, in inner
    return func(_wrapped, *args)
TypeError: 'AnonymousUser' object is not subscriptable

During handling of the above exception, another exception occurred:

Traceback (most recent call last):
  File "C:\Users\HP\Desktop\Zunto-1\.venv\Lib\site-packages\django\template\base.py", line 901, in _resolve_lookup
    current = getattr(current, bit)
  File "C:\Users\HP\Desktop\Zunto-1\.venv\Lib\site-packages\django\utils\functional.py", line 253, in inner
    return func(_wrapped, *args)
AttributeError: 'AnonymousUser' object has no attribute 'email'

During handling of the above exception, another exception occurred:

Traceback (most recent call last):
  File "C:\Users\HP\Desktop\Zunto-1\.venv\Lib\site-packages\django\template\base.py", line 907, in _resolve_lookup
    current = current[int(bit)]
                      ~~~^^^^^
ValueError: invalid literal for int() with base 10: 'email'

During handling of the above exception, another exception occurred:

Traceback (most recent call last):
  File "C:\Users\HP\Desktop\Zunto-1\.venv\Lib\site-packages\django\core\handlers\exception.py", line 55, in inner
    response = get_response(request)
  File "C:\Users\HP\Desktop\Zunto-1\.venv\Lib\site-packages\django\core\handlers\base.py", line 197, in _get_response
    response = wrapped_callback(request, *callback_args, **callback_kwargs)
  File "C:\Users\HP\Desktop\Zunto-1\Zunto\accounts\views.py", line 312, in home
    return render(request, "accounts/homepage.html")
  File "C:\Users\HP\Desktop\Zunto-1\.venv\Lib\site-packages\django\shortcuts.py", line 25, in render
    content = loader.render_to_string(template_name, context, request, using=using)
  File "C:\Users\HP\Desktop\Zunto-1\.venv\Lib\site-packages\django\template\loader.py", line 62, in render_to_string
    return template.render(context, request)
           ~~~~~~~~~~~~~~~^^^^^^^^^^^^^^^^^^
  File "C:\Users\HP\Desktop\Zunto-1\.venv\Lib\site-packages\django\template\backends\django.py", line 107, in render
    return self.template.render(context)
           ~~~~~~~~~~~~~~~~~~~~^^^^^^^^^
  File "C:\Users\HP\Desktop\Zunto-1\.venv\Lib\site-packages\django\template\base.py", line 171, in render
    return self._render(context)
           ~~~~~~~~~~~~^^^^^^^^^
  File "C:\Users\HP\Desktop\Zunto-1\.venv\Lib\site-packages\django\template\base.py", line 163, in _render
    return self.nodelist.render(context)
           ~~~~~~~~~~~~~~~~~~~~^^^^^^^^^
  File "C:\Users\HP\Desktop\Zunto-1\.venv\Lib\site-packages\django\template\base.py", line 1016, in render
    return SafeString("".join([node.render_annotated(context) for node in self]))
                               ~~~~~~~~~~~~~~~~~~~~~^^^^^^^^^
  File "C:\Users\HP\Desktop\Zunto-1\.venv\Lib\site-packages\django\template\base.py", line 977, in render_annotated
    return self.render(context)
           ~~~~~~~~~~~^^^^^^^^^
  File "C:\Users\HP\Desktop\Zunto-1\.venv\Lib\site-packages\django\template\loader_tags.py", line 159, in render
    return compiled_parent._render(context)
           ~~~~~~~~~~~~~~~~~~~~~~~^^^^^^^^^
  File "C:\Users\HP\Desktop\Zunto-1\.venv\Lib\site-packages\django\template\base.py", line 163, in _render
    return self.nodelist.render(context)
           ~~~~~~~~~~~~~~~~~~~~^^^^^^^^^
  File "C:\Users\HP\Desktop\Zunto-1\.venv\Lib\site-packages\django\template\base.py", line 1016, in render
    return SafeString("".join([node.render_annotated(context) for node in self]))
                               ~~~~~~~~~~~~~~~~~~~~~^^^^^^^^^
  File "C:\Users\HP\Desktop\Zunto-1\.venv\Lib\site-packages\django\template\base.py", line 977, in render_annotated
    return self.render(context)
           ~~~~~~~~~~~^^^^^^^^^
  File "C:\Users\HP\Desktop\Zunto-1\.venv\Lib\site-packages\django\template\loader_tags.py", line 65, in render
    result = block.nodelist.render(context)
  File "C:\Users\HP\Desktop\Zunto-1\.venv\Lib\site-packages\django\template\base.py", line 1016, in render
    return SafeString("".join([node.render_annotated(context) for node in self]))
                               ~~~~~~~~~~~~~~~~~~~~~^^^^^^^^^
  File "C:\Users\HP\Desktop\Zunto-1\.venv\Lib\site-packages\django\template\base.py", line 977, in render_annotated
    return self.render(context)
           ~~~~~~~~~~~^^^^^^^^^
  File "C:\Users\HP\Desktop\Zunto-1\.venv\Lib\site-packages\django\template\base.py", line 1075, in render
    output = self.filter_expression.resolve(context)
  File "C:\Users\HP\Desktop\Zunto-1\.venv\Lib\site-packages\django\template\base.py", line 743, in resolve
    arg_vals.append(arg.resolve(context))
                    ~~~~~~~~~~~^^^^^^^^^
  File "C:\Users\HP\Desktop\Zunto-1\.venv\Lib\site-packages\django\template\base.py", line 854, in resolve
    value = self._resolve_lookup(context)
  File "C:\Users\HP\Desktop\Zunto-1\.venv\Lib\site-packages\django\template\base.py", line 914, in _resolve_lookup
    raise VariableDoesNotExist(
    ^^^^^^^^^^^^^^^^^^^^^^^^^^^
    ...<2 lines>...
    )  # missing attribute
    ^
django.template.base.VariableDoesNotExist: Failed lookup for key [email] in <SimpleLazyObject: <django.contrib.auth.models.AnonymousUser object at 0x000001D102E6AD70>>
ERROR 2025-12-28 20:09:18,724 basehttp 11212 17440 "GET / HTTP/1.1" 500 183289
ERROR 2025-12-29 12:25:14,880 log 1280 7500 Internal Server Error: /
Traceback (most recent call last):
  File "C:\Users\HP\Desktop\Zunto-1\.venv\Lib\site-packages\django\core\handlers\exception.py", line 55, in inner
    response = get_response(request)
  File "C:\Users\HP\Desktop\Zunto-1\.venv\Lib\site-packages\django\core\handlers\base.py", line 197, in _get_response
    response = wrapped_callback(request, *callback_args, **callback_kwargs)
  File "C:\Users\HP\Desktop\Zunto-1\Zunto\accounts\views.py", line 312, in home
    return render(request, "accounts/homepage.html")
  File "C:\Users\HP\Desktop\Zunto-1\.venv\Lib\site-packages\django\shortcuts.py", line 25, in render
    content = loader.render_to_string(template_name, context, request, using=using)
  File "C:\Users\HP\Desktop\Zunto-1\.venv\Lib\site-packages\django\template\loader.py", line 62, in render_to_string
    return template.render(context, request)
           ~~~~~~~~~~~~~~~^^^^^^^^^^^^^^^^^^
  File "C:\Users\HP\Desktop\Zunto-1\.venv\Lib\site-packages\django\template\backends\django.py", line 107, in render
    return self.template.render(context)
           ~~~~~~~~~~~~~~~~~~~~^^^^^^^^^
  File "C:\Users\HP\Desktop\Zunto-1\.venv\Lib\site-packages\django\template\base.py", line 171, in render
    return self._render(context)
           ~~~~~~~~~~~~^^^^^^^^^
  File "C:\Users\HP\Desktop\Zunto-1\.venv\Lib\site-packages\django\template\base.py", line 163, in _render
    return self.nodelist.render(context)
           ~~~~~~~~~~~~~~~~~~~~^^^^^^^^^
  File "C:\Users\HP\Desktop\Zunto-1\.venv\Lib\site-packages\django\template\base.py", line 1016, in render
    return SafeString("".join([node.render_annotated(context) for node in self]))
                               ~~~~~~~~~~~~~~~~~~~~~^^^^^^^^^
  File "C:\Users\HP\Desktop\Zunto-1\.venv\Lib\site-packages\django\template\base.py", line 977, in render_annotated
    return self.render(context)
           ~~~~~~~~~~~^^^^^^^^^
  File "C:\Users\HP\Desktop\Zunto-1\.venv\Lib\site-packages\django\template\loader_tags.py", line 159, in render
    return compiled_parent._render(context)
           ~~~~~~~~~~~~~~~~~~~~~~~^^^^^^^^^
  File "C:\Users\HP\Desktop\Zunto-1\.venv\Lib\site-packages\django\template\base.py", line 163, in _render
    return self.nodelist.render(context)
           ~~~~~~~~~~~~~~~~~~~~^^^^^^^^^
  File "C:\Users\HP\Desktop\Zunto-1\.venv\Lib\site-packages\django\template\base.py", line 1016, in render
    return SafeString("".join([node.render_annotated(context) for node in self]))
                               ~~~~~~~~~~~~~~~~~~~~~^^^^^^^^^
  File "C:\Users\HP\Desktop\Zunto-1\.venv\Lib\site-packages\django\template\base.py", line 977, in render_annotated
    return self.render(context)
           ~~~~~~~~~~~^^^^^^^^^
  File "C:\Users\HP\Desktop\Zunto-1\.venv\Lib\site-packages\django\template\loader_tags.py", line 210, in render
    return template.render(context)
           ~~~~~~~~~~~~~~~^^^^^^^^^
  File "C:\Users\HP\Desktop\Zunto-1\.venv\Lib\site-packages\django\template\base.py", line 173, in render
    return self._render(context)
           ~~~~~~~~~~~~^^^^^^^^^
  File "C:\Users\HP\Desktop\Zunto-1\.venv\Lib\site-packages\django\template\base.py", line 163, in _render
    return self.nodelist.render(context)
           ~~~~~~~~~~~~~~~~~~~~^^^^^^^^^
  File "C:\Users\HP\Desktop\Zunto-1\.venv\Lib\site-packages\django\template\base.py", line 1016, in render
    return SafeString("".join([node.render_annotated(context) for node in self]))
                               ~~~~~~~~~~~~~~~~~~~~~^^^^^^^^^
  File "C:\Users\HP\Desktop\Zunto-1\.venv\Lib\site-packages\django\template\base.py", line 977, in render_annotated
    return self.render(context)
           ~~~~~~~~~~~^^^^^^^^^
  File "C:\Users\HP\Desktop\Zunto-1\.venv\Lib\site-packages\django\template\defaulttags.py", line 480, in render
    url = reverse(view_name, args=args, kwargs=kwargs, current_app=current_app)
  File "C:\Users\HP\Desktop\Zunto-1\.venv\Lib\site-packages\django\urls\base.py", line 98, in reverse
    resolved_url = resolver._reverse_with_prefix(view, prefix, *args, **kwargs)
  File "C:\Users\HP\Desktop\Zunto-1\.venv\Lib\site-packages\django\urls\resolvers.py", line 831, in _reverse_with_prefix
    raise NoReverseMatch(msg)
django.urls.exceptions.NoReverseMatch: Reverse for 'dashboard' not found. 'dashboard' is not a valid view function or pattern name.
ERROR 2025-12-29 12:25:14,895 basehttp 1280 7500 "GET / HTTP/1.1" 500 160248
ERROR 2025-12-29 12:28:36,535 log 19548 3052 Internal Server Error: /api/accounts/login/
Traceback (most recent call last):
  File "C:\Users\HP\Desktop\Zunto-1\.venv\Lib\site-packages\django\core\handlers\exception.py", line 55, in inner
    response = get_response(request)
  File "C:\Users\HP\Desktop\Zunto-1\.venv\Lib\site-packages\django\core\handlers\base.py", line 220, in _get_response
    response = response.render()
  File "C:\Users\HP\Desktop\Zunto-1\.venv\Lib\site-packages\django\template\response.py", line 114, in render
    self.content = self.rendered_content
                   ^^^^^^^^^^^^^^^^^^^^^
  File "C:\Users\HP\Desktop\Zunto-1\.venv\Lib\site-packages\rest_framework\response.py", line 74, in rendered_content
    ret = renderer.render(self.data, accepted_media_type, context)
  File "C:\Users\HP\Desktop\Zunto-1\.venv\Lib\site-packages\rest_framework\renderers.py", line 730, in render
    template = loader.get_template(self.template)
  File "C:\Users\HP\Desktop\Zunto-1\.venv\Lib\site-packages\django\template\loader.py", line 19, in get_template
    raise TemplateDoesNotExist(template_name, chain=chain)
django.template.exceptions.TemplateDoesNotExist: rest_framework/api.html
ERROR 2025-12-29 12:28:36,543 basehttp 19548 3052 "GET /api/accounts/login/?next=/dashboard/ HTTP/1.1" 500 92136
ERROR 2025-12-29 12:34:31,870 log 8736 7508 Internal Server Error: /api/accounts/login/
Traceback (most recent call last):
  File "C:\Users\HP\Desktop\Zunto-1\.venv\Lib\site-packages\django\core\handlers\exception.py", line 55, in inner
    response = get_response(request)
  File "C:\Users\HP\Desktop\Zunto-1\.venv\Lib\site-packages\django\core\handlers\base.py", line 220, in _get_response
    response = response.render()
  File "C:\Users\HP\Desktop\Zunto-1\.venv\Lib\site-packages\django\template\response.py", line 114, in render
    self.content = self.rendered_content
                   ^^^^^^^^^^^^^^^^^^^^^
  File "C:\Users\HP\Desktop\Zunto-1\.venv\Lib\site-packages\rest_framework\response.py", line 74, in rendered_content
    ret = renderer.render(self.data, accepted_media_type, context)
  File "C:\Users\HP\Desktop\Zunto-1\.venv\Lib\site-packages\rest_framework\renderers.py", line 730, in render
    template = loader.get_template(self.template)
  File "C:\Users\HP\Desktop\Zunto-1\.venv\Lib\site-packages\django\template\loader.py", line 19, in get_template
    raise TemplateDoesNotExist(template_name, chain=chain)
django.template.exceptions.TemplateDoesNotExist: rest_framework/api.html
ERROR 2025-12-29 12:34:31,879 basehttp 8736 7508 "GET /api/accounts/login/?next=/dashboard/ HTTP/1.1" 500 92273
ERROR 2025-12-29 12:34:32,506 log 8736 7508 Internal Server Error: /api/accounts/login/
Traceback (most recent call last):
  File "C:\Users\HP\Desktop\Zunto-1\.venv\Lib\site-packages\django\core\handlers\exception.py", line 55, in inner
    response = get_response(request)
  File "C:\Users\HP\Desktop\Zunto-1\.venv\Lib\site-packages\django\core\handlers\base.py", line 220, in _get_response
    response = response.render()
  File "C:\Users\HP\Desktop\Zunto-1\.venv\Lib\site-packages\django\template\response.py", line 114, in render
    self.content = self.rendered_content
                   ^^^^^^^^^^^^^^^^^^^^^
  File "C:\Users\HP\Desktop\Zunto-1\.venv\Lib\site-packages\rest_framework\response.py", line 74, in rendered_content
    ret = renderer.render(self.data, accepted_media_type, context)
  File "C:\Users\HP\Desktop\Zunto-1\.venv\Lib\site-packages\rest_framework\renderers.py", line 730, in render
    template = loader.get_template(self.template)
  File "C:\Users\HP\Desktop\Zunto-1\.venv\Lib\site-packages\django\template\loader.py", line 19, in get_template
    raise TemplateDoesNotExist(template_name, chain=chain)
django.template.exceptions.TemplateDoesNotExist: rest_framework/api.html
ERROR 2025-12-29 12:34:32,516 basehttp 8736 7508 "GET /api/accounts/login/?next=/dashboard/ HTTP/1.1" 500 92273
ERROR 2025-12-29 12:34:32,757 log 8736 7508 Internal Server Error: /api/accounts/login/
Traceback (most recent call last):
  File "C:\Users\HP\Desktop\Zunto-1\.venv\Lib\site-packages\django\core\handlers\exception.py", line 55, in inner
    response = get_response(request)
  File "C:\Users\HP\Desktop\Zunto-1\.venv\Lib\site-packages\django\core\handlers\base.py", line 220, in _get_response
    response = response.render()
  File "C:\Users\HP\Desktop\Zunto-1\.venv\Lib\site-packages\django\template\response.py", line 114, in render
    self.content = self.rendered_content
                   ^^^^^^^^^^^^^^^^^^^^^
  File "C:\Users\HP\Desktop\Zunto-1\.venv\Lib\site-packages\rest_framework\response.py", line 74, in rendered_content
    ret = renderer.render(self.data, accepted_media_type, context)
  File "C:\Users\HP\Desktop\Zunto-1\.venv\Lib\site-packages\rest_framework\renderers.py", line 730, in render
    template = loader.get_template(self.template)
  File "C:\Users\HP\Desktop\Zunto-1\.venv\Lib\site-packages\django\template\loader.py", line 19, in get_template
    raise TemplateDoesNotExist(template_name, chain=chain)
django.template.exceptions.TemplateDoesNotExist: rest_framework/api.html
ERROR 2025-12-29 12:34:32,764 basehttp 8736 7508 "GET /api/accounts/login/?next=/dashboard/ HTTP/1.1" 500 92273
ERROR 2025-12-29 12:34:32,832 log 8736 11532 Internal Server Error: /api/accounts/login/
Traceback (most recent call last):
  File "C:\Users\HP\Desktop\Zunto-1\.venv\Lib\site-packages\django\core\handlers\exception.py", line 55, in inner
    response = get_response(request)
  File "C:\Users\HP\Desktop\Zunto-1\.venv\Lib\site-packages\django\core\handlers\base.py", line 220, in _get_response
    response = response.render()
  File "C:\Users\HP\Desktop\Zunto-1\.venv\Lib\site-packages\django\template\response.py", line 114, in render
    self.content = self.rendered_content
                   ^^^^^^^^^^^^^^^^^^^^^
  File "C:\Users\HP\Desktop\Zunto-1\.venv\Lib\site-packages\rest_framework\response.py", line 74, in rendered_content
    ret = renderer.render(self.data, accepted_media_type, context)
  File "C:\Users\HP\Desktop\Zunto-1\.venv\Lib\site-packages\rest_framework\renderers.py", line 730, in render
    template = loader.get_template(self.template)
  File "C:\Users\HP\Desktop\Zunto-1\.venv\Lib\site-packages\django\template\loader.py", line 19, in get_template
    raise TemplateDoesNotExist(template_name, chain=chain)
django.template.exceptions.TemplateDoesNotExist: rest_framework/api.html
ERROR 2025-12-29 12:34:32,837 basehttp 8736 11532 "GET /api/accounts/login/?next=/dashboard/ HTTP/1.1" 500 92273
ERROR 2025-12-29 12:36:57,279 log 20424 16144 Internal Server Error: /api/accounts/login/
Traceback (most recent call last):
  File "C:\Users\HP\Desktop\Zunto-1\.venv\Lib\site-packages\django\utils\module_loading.py", line 30, in import_string
    return cached_import(module_path, class_name)
  File "C:\Users\HP\Desktop\Zunto-1\.venv\Lib\site-packages\django\utils\module_loading.py", line 16, in cached_import
    return getattr(module, class_name)
AttributeError: module 'redis.connection' has no attribute 'PythonParser'

The above exception was the direct cause of the following exception:

Traceback (most recent call last):
  File "C:\Users\HP\Desktop\Zunto-1\.venv\Lib\site-packages\django\core\handlers\exception.py", line 55, in inner
    response = get_response(request)
  File "C:\Users\HP\Desktop\Zunto-1\.venv\Lib\site-packages\django\core\handlers\base.py", line 197, in _get_response
    response = wrapped_callback(request, *callback_args, **callback_kwargs)
  File "C:\Users\HP\Desktop\Zunto-1\.venv\Lib\site-packages\django\views\decorators\csrf.py", line 65, in _view_wrapper
    return view_func(request, *args, **kwargs)
  File "C:\Users\HP\Desktop\Zunto-1\.venv\Lib\site-packages\django\views\generic\base.py", line 105, in view
    return self.dispatch(request, *args, **kwargs)
           ~~~~~~~~~~~~~^^^^^^^^^^^^^^^^^^^^^^^^^^
  File "C:\Users\HP\Desktop\Zunto-1\.venv\Lib\site-packages\rest_framework\views.py", line 515, in dispatch
    response = self.handle_exception(exc)
  File "C:\Users\HP\Desktop\Zunto-1\.venv\Lib\site-packages\rest_framework\views.py", line 475, in handle_exception
    self.raise_uncaught_exception(exc)
    ~~~~~~~~~~~~~~~~~~~~~~~~~~~~~^^^^^
  File "C:\Users\HP\Desktop\Zunto-1\.venv\Lib\site-packages\rest_framework\views.py", line 486, in raise_uncaught_exception
    raise exc
  File "C:\Users\HP\Desktop\Zunto-1\.venv\Lib\site-packages\rest_framework\views.py", line 512, in dispatch
    response = handler(request, *args, **kwargs)
  File "C:\Users\HP\Desktop\Zunto-1\.venv\Lib\site-packages\django\utils\decorators.py", line 48, in _wrapper
    return bound_method(*args, **kwargs)
  File "C:\Users\HP\Desktop\Zunto-1\.venv\Lib\site-packages\django_ratelimit\decorators.py", line 19, in _wrapped
    ratelimited = is_ratelimited(request=request, group=group, fn=fn,
                                 key=key, rate=rate, method=method,
                                 increment=True)
  File "C:\Users\HP\Desktop\Zunto-1\.venv\Lib\site-packages\django_ratelimit\core.py", line 153, in is_ratelimited
    usage = get_usage(request, group, fn, key, rate, method, increment)
  File "C:\Users\HP\Desktop\Zunto-1\.venv\Lib\site-packages\django_ratelimit\core.py", line 231, in get_usage
    added = cache.add(cache_key, initial_value, period + EXPIRATION_FUDGE)
  File "C:\Users\HP\Desktop\Zunto-1\.venv\Lib\site-packages\django\core\cache\backends\redis.py", line 184, in add
    return self._cache.add(key, value, self.get_backend_timeout(timeout))
           ^^^^^^^^^^^
  File "C:\Users\HP\Desktop\Zunto-1\.venv\Lib\site-packages\django\utils\functional.py", line 47, in __get__
    res = instance.__dict__[self.name] = self.func(instance)
                                         ~~~~~~~~~^^^^^^^^^^
  File "C:\Users\HP\Desktop\Zunto-1\.venv\Lib\site-packages\django\core\cache\backends\redis.py", line 173, in _cache
    return self._class(self._servers, **self._options)
           ~~~~~~~~~~~^^^^^^^^^^^^^^^^^^^^^^^^^^^^^^^^
  File "C:\Users\HP\Desktop\Zunto-1\.venv\Lib\site-packages\django\core\cache\backends\redis.py", line 59, in __init__
    parser_class = import_string(parser_class)
  File "C:\Users\HP\Desktop\Zunto-1\.venv\Lib\site-packages\django\utils\module_loading.py", line 32, in import_string
    raise ImportError(
    ...<2 lines>...
    ) from err
ImportError: Module "redis.connection" does not define a "PythonParser" attribute/class
ERROR 2025-12-29 12:36:57,291 basehttp 20424 16144 "POST /api/accounts/login/?next=/dashboard/ HTTP/1.1" 500 152049
ERROR 2025-12-29 13:09:12,855 log 4724 10468 Internal Server Error: /api/accounts/login/
Traceback (most recent call last):
  File "C:\Users\HP\Desktop\Zunto-1\.venv\Lib\site-packages\django\core\handlers\exception.py", line 55, in inner
    response = get_response(request)
  File "C:\Users\HP\Desktop\Zunto-1\.venv\Lib\site-packages\django\core\handlers\base.py", line 220, in _get_response
    response = response.render()
  File "C:\Users\HP\Desktop\Zunto-1\.venv\Lib\site-packages\django\template\response.py", line 114, in render
    self.content = self.rendered_content
                   ^^^^^^^^^^^^^^^^^^^^^
  File "C:\Users\HP\Desktop\Zunto-1\.venv\Lib\site-packages\rest_framework\response.py", line 74, in rendered_content
    ret = renderer.render(self.data, accepted_media_type, context)
  File "C:\Users\HP\Desktop\Zunto-1\.venv\Lib\site-packages\rest_framework\renderers.py", line 730, in render
    template = loader.get_template(self.template)
  File "C:\Users\HP\Desktop\Zunto-1\.venv\Lib\site-packages\django\template\loader.py", line 19, in get_template
    raise TemplateDoesNotExist(template_name, chain=chain)
django.template.exceptions.TemplateDoesNotExist: rest_framework/api.html
ERROR 2025-12-29 13:09:12,869 basehttp 4724 10468 "GET /api/accounts/login/?next=/dashboard/ HTTP/1.1" 500 92136
ERROR 2025-12-29 13:13:50,699 log 15080 8912 Internal Server Error: /api/accounts/login/
Traceback (most recent call last):
  File "C:\Users\HP\Desktop\Zunto-1\.venv\Lib\site-packages\django\core\handlers\exception.py", line 55, in inner
    response = get_response(request)
  File "C:\Users\HP\Desktop\Zunto-1\.venv\Lib\site-packages\django\core\handlers\base.py", line 220, in _get_response
    response = response.render()
  File "C:\Users\HP\Desktop\Zunto-1\.venv\Lib\site-packages\django\template\response.py", line 114, in render
    self.content = self.rendered_content
                   ^^^^^^^^^^^^^^^^^^^^^
  File "C:\Users\HP\Desktop\Zunto-1\.venv\Lib\site-packages\rest_framework\response.py", line 74, in rendered_content
    ret = renderer.render(self.data, accepted_media_type, context)
  File "C:\Users\HP\Desktop\Zunto-1\.venv\Lib\site-packages\rest_framework\renderers.py", line 730, in render
    template = loader.get_template(self.template)
  File "C:\Users\HP\Desktop\Zunto-1\.venv\Lib\site-packages\django\template\loader.py", line 19, in get_template
    raise TemplateDoesNotExist(template_name, chain=chain)
django.template.exceptions.TemplateDoesNotExist: rest_framework/api.html
ERROR 2025-12-29 13:13:50,707 basehttp 15080 8912 "GET /api/accounts/login/?next=/dashboard/ HTTP/1.1" 500 92273
ERROR 2025-12-29 13:13:52,011 log 15080 8912 Internal Server Error: /api/accounts/login/
Traceback (most recent call last):
  File "C:\Users\HP\Desktop\Zunto-1\.venv\Lib\site-packages\django\core\handlers\exception.py", line 55, in inner
    response = get_response(request)
  File "C:\Users\HP\Desktop\Zunto-1\.venv\Lib\site-packages\django\core\handlers\base.py", line 220, in _get_response
    response = response.render()
  File "C:\Users\HP\Desktop\Zunto-1\.venv\Lib\site-packages\django\template\response.py", line 114, in render
    self.content = self.rendered_content
                   ^^^^^^^^^^^^^^^^^^^^^
  File "C:\Users\HP\Desktop\Zunto-1\.venv\Lib\site-packages\rest_framework\response.py", line 74, in rendered_content
    ret = renderer.render(self.data, accepted_media_type, context)
  File "C:\Users\HP\Desktop\Zunto-1\.venv\Lib\site-packages\rest_framework\renderers.py", line 730, in render
    template = loader.get_template(self.template)
  File "C:\Users\HP\Desktop\Zunto-1\.venv\Lib\site-packages\django\template\loader.py", line 19, in get_template
    raise TemplateDoesNotExist(template_name, chain=chain)
django.template.exceptions.TemplateDoesNotExist: rest_framework/api.html
ERROR 2025-12-29 13:13:52,017 basehttp 15080 8912 "GET /api/accounts/login/?next=/dashboard/ HTTP/1.1" 500 92273
ERROR 2025-12-29 13:13:52,241 log 15080 8912 Internal Server Error: /api/accounts/login/
Traceback (most recent call last):
  File "C:\Users\HP\Desktop\Zunto-1\.venv\Lib\site-packages\django\core\handlers\exception.py", line 55, in inner
    response = get_response(request)
  File "C:\Users\HP\Desktop\Zunto-1\.venv\Lib\site-packages\django\core\handlers\base.py", line 220, in _get_response
    response = response.render()
  File "C:\Users\HP\Desktop\Zunto-1\.venv\Lib\site-packages\django\template\response.py", line 114, in render
    self.content = self.rendered_content
                   ^^^^^^^^^^^^^^^^^^^^^
  File "C:\Users\HP\Desktop\Zunto-1\.venv\Lib\site-packages\rest_framework\response.py", line 74, in rendered_content
    ret = renderer.render(self.data, accepted_media_type, context)
  File "C:\Users\HP\Desktop\Zunto-1\.venv\Lib\site-packages\rest_framework\renderers.py", line 730, in render
    template = loader.get_template(self.template)
  File "C:\Users\HP\Desktop\Zunto-1\.venv\Lib\site-packages\django\template\loader.py", line 19, in get_template
    raise TemplateDoesNotExist(template_name, chain=chain)
django.template.exceptions.TemplateDoesNotExist: rest_framework/api.html
ERROR 2025-12-29 13:13:52,247 basehttp 15080 8912 "GET /api/accounts/login/?next=/dashboard/ HTTP/1.1" 500 92273
ERROR 2025-12-29 13:13:52,367 log 15080 8912 Internal Server Error: /api/accounts/login/
Traceback (most recent call last):
  File "C:\Users\HP\Desktop\Zunto-1\.venv\Lib\site-packages\django\core\handlers\exception.py", line 55, in inner
    response = get_response(request)
  File "C:\Users\HP\Desktop\Zunto-1\.venv\Lib\site-packages\django\core\handlers\base.py", line 220, in _get_response
    response = response.render()
  File "C:\Users\HP\Desktop\Zunto-1\.venv\Lib\site-packages\django\template\response.py", line 114, in render
    self.content = self.rendered_content
                   ^^^^^^^^^^^^^^^^^^^^^
  File "C:\Users\HP\Desktop\Zunto-1\.venv\Lib\site-packages\rest_framework\response.py", line 74, in rendered_content
    ret = renderer.render(self.data, accepted_media_type, context)
  File "C:\Users\HP\Desktop\Zunto-1\.venv\Lib\site-packages\rest_framework\renderers.py", line 730, in render
    template = loader.get_template(self.template)
  File "C:\Users\HP\Desktop\Zunto-1\.venv\Lib\site-packages\django\template\loader.py", line 19, in get_template
    raise TemplateDoesNotExist(template_name, chain=chain)
django.template.exceptions.TemplateDoesNotExist: rest_framework/api.html
ERROR 2025-12-29 13:13:52,383 basehttp 15080 8912 "GET /api/accounts/login/?next=/dashboard/ HTTP/1.1" 500 92273
ERROR 2025-12-29 21:37:48,919 log 3308 1844 Internal Server Error: /
Traceback (most recent call last):
  File "C:\Users\HP\Desktop\Zunto-1\Zunto\.venv\Lib\site-packages\django\urls\base.py", line 81, in reverse
    extra, resolver = resolver.namespace_dict[ns]
                      ~~~~~~~~~~~~~~~~~~~~~~~^^^^
KeyError: 'dashboard'

During handling of the above exception, another exception occurred:

Traceback (most recent call last):
  File "C:\Users\HP\Desktop\Zunto-1\Zunto\.venv\Lib\site-packages\django\core\handlers\exception.py", line 55, in inner
    response = get_response(request)
  File "C:\Users\HP\Desktop\Zunto-1\Zunto\.venv\Lib\site-packages\django\core\handlers\base.py", line 198, in _get_response
    response = wrapped_callback(request, *callback_args, **callback_kwargs)
  File "C:\Users\HP\Desktop\Zunto-1\Zunto\accounts\views.py", line 312, in home
    return render(request, "accounts/homepage.html")
  File "C:\Users\HP\Desktop\Zunto-1\Zunto\.venv\Lib\site-packages\django\shortcuts.py", line 25, in render
    content = loader.render_to_string(template_name, context, request, using=using)
  File "C:\Users\HP\Desktop\Zunto-1\Zunto\.venv\Lib\site-packages\django\template\loader.py", line 62, in render_to_string
    return template.render(context, request)
           ~~~~~~~~~~~~~~~^^^^^^^^^^^^^^^^^^
  File "C:\Users\HP\Desktop\Zunto-1\Zunto\.venv\Lib\site-packages\django\template\backends\django.py", line 107, in render
    return self.template.render(context)
           ~~~~~~~~~~~~~~~~~~~~^^^^^^^^^
  File "C:\Users\HP\Desktop\Zunto-1\Zunto\.venv\Lib\site-packages\django\template\base.py", line 174, in render
    return self._render(context)
           ~~~~~~~~~~~~^^^^^^^^^
  File "C:\Users\HP\Desktop\Zunto-1\Zunto\.venv\Lib\site-packages\django\template\base.py", line 166, in _render
    return self.nodelist.render(context)
           ~~~~~~~~~~~~~~~~~~~~^^^^^^^^^
  File "C:\Users\HP\Desktop\Zunto-1\Zunto\.venv\Lib\site-packages\django\template\base.py", line 1091, in render
    return SafeString("".join([node.render_annotated(context) for node in self]))
                               ~~~~~~~~~~~~~~~~~~~~~^^^^^^^^^
  File "C:\Users\HP\Desktop\Zunto-1\Zunto\.venv\Lib\site-packages\django\template\base.py", line 1052, in render_annotated
    return self.render(context)
           ~~~~~~~~~~~^^^^^^^^^
  File "C:\Users\HP\Desktop\Zunto-1\Zunto\.venv\Lib\site-packages\django\template\loader_tags.py", line 160, in render
    return compiled_parent._render(context)
           ~~~~~~~~~~~~~~~~~~~~~~~^^^^^^^^^
  File "C:\Users\HP\Desktop\Zunto-1\Zunto\.venv\Lib\site-packages\django\template\base.py", line 166, in _render
    return self.nodelist.render(context)
           ~~~~~~~~~~~~~~~~~~~~^^^^^^^^^
  File "C:\Users\HP\Desktop\Zunto-1\Zunto\.venv\Lib\site-packages\django\template\base.py", line 1091, in render
    return SafeString("".join([node.render_annotated(context) for node in self]))
                               ~~~~~~~~~~~~~~~~~~~~~^^^^^^^^^
  File "C:\Users\HP\Desktop\Zunto-1\Zunto\.venv\Lib\site-packages\django\template\base.py", line 1052, in render_annotated
    return self.render(context)
           ~~~~~~~~~~~^^^^^^^^^
  File "C:\Users\HP\Desktop\Zunto-1\Zunto\.venv\Lib\site-packages\django\template\loader_tags.py", line 211, in render
    return template.render(context)
           ~~~~~~~~~~~~~~~^^^^^^^^^
  File "C:\Users\HP\Desktop\Zunto-1\Zunto\.venv\Lib\site-packages\django\template\base.py", line 176, in render
    return self._render(context)
           ~~~~~~~~~~~~^^^^^^^^^
  File "C:\Users\HP\Desktop\Zunto-1\Zunto\.venv\Lib\site-packages\django\template\base.py", line 166, in _render
    return self.nodelist.render(context)
           ~~~~~~~~~~~~~~~~~~~~^^^^^^^^^
  File "C:\Users\HP\Desktop\Zunto-1\Zunto\.venv\Lib\site-packages\django\template\base.py", line 1091, in render
    return SafeString("".join([node.render_annotated(context) for node in self]))
                               ~~~~~~~~~~~~~~~~~~~~~^^^^^^^^^
  File "C:\Users\HP\Desktop\Zunto-1\Zunto\.venv\Lib\site-packages\django\template\base.py", line 1052, in render_annotated
    return self.render(context)
           ~~~~~~~~~~~^^^^^^^^^
  File "C:\Users\HP\Desktop\Zunto-1\Zunto\.venv\Lib\site-packages\django\template\defaulttags.py", line 511, in render
    url = reverse(view_name, args=args, kwargs=kwargs, current_app=current_app)
  File "C:\Users\HP\Desktop\Zunto-1\Zunto\.venv\Lib\site-packages\django\urls\base.py", line 92, in reverse
    raise NoReverseMatch("%s is not a registered namespace" % key)
django.urls.exceptions.NoReverseMatch: 'dashboard' is not a registered namespace
ERROR 2025-12-29 21:37:48,937 log 3308 1844 "GET / HTTP/1.1" 500 163180
ERROR 2025-12-29 21:42:19,389 log 11952 6772 Internal Server Error: /api/accounts/login/
Traceback (most recent call last):
  File "C:\Users\HP\Desktop\Zunto-1\Zunto\.venv\Lib\site-packages\django\core\handlers\exception.py", line 55, in inner
    response = get_response(request)
  File "C:\Users\HP\Desktop\Zunto-1\Zunto\.venv\Lib\site-packages\django\core\handlers\base.py", line 221, in _get_response
    response = response.render()
  File "C:\Users\HP\Desktop\Zunto-1\Zunto\.venv\Lib\site-packages\django\template\response.py", line 114, in render
    self.content = self.rendered_content
                   ^^^^^^^^^^^^^^^^^^^^^
  File "C:\Users\HP\Desktop\Zunto-1\Zunto\.venv\Lib\site-packages\rest_framework\response.py", line 74, in rendered_content
    ret = renderer.render(self.data, accepted_media_type, context)
  File "C:\Users\HP\Desktop\Zunto-1\Zunto\.venv\Lib\site-packages\rest_framework\renderers.py", line 730, in render
    template = loader.get_template(self.template)
  File "C:\Users\HP\Desktop\Zunto-1\Zunto\.venv\Lib\site-packages\django\template\loader.py", line 19, in get_template
    raise TemplateDoesNotExist(template_name, chain=chain)
django.template.exceptions.TemplateDoesNotExist: rest_framework/api.html
ERROR 2025-12-29 21:42:19,396 log 11952 6772 "GET /api/accounts/login/?next=/dashboard/ HTTP/1.1" 500 92784
ERROR 2025-12-29 21:46:42,555 log 4140 2700 Internal Server Error: /api/accounts/login/
Traceback (most recent call last):
  File "C:\Users\HP\Desktop\Zunto-1\Zunto\.venv\Lib\site-packages\django\core\handlers\exception.py", line 55, in inner
    response = get_response(request)
  File "C:\Users\HP\Desktop\Zunto-1\Zunto\.venv\Lib\site-packages\django\core\handlers\base.py", line 221, in _get_response
    response = response.render()
  File "C:\Users\HP\Desktop\Zunto-1\Zunto\.venv\Lib\site-packages\django\template\response.py", line 114, in render
    self.content = self.rendered_content
                   ^^^^^^^^^^^^^^^^^^^^^
  File "C:\Users\HP\Desktop\Zunto-1\Zunto\.venv\Lib\site-packages\rest_framework\response.py", line 74, in rendered_content
    ret = renderer.render(self.data, accepted_media_type, context)
  File "C:\Users\HP\Desktop\Zunto-1\Zunto\.venv\Lib\site-packages\rest_framework\renderers.py", line 730, in render
    template = loader.get_template(self.template)
  File "C:\Users\HP\Desktop\Zunto-1\Zunto\.venv\Lib\site-packages\django\template\loader.py", line 19, in get_template
    raise TemplateDoesNotExist(template_name, chain=chain)
django.template.exceptions.TemplateDoesNotExist: rest_framework/api.html
ERROR 2025-12-29 21:46:42,565 log 4140 2700 "GET /api/accounts/login/?next=/dashboard/ HTTP/1.1" 500 92779
ERROR 2025-12-29 21:47:11,551 log 13740 9692 Internal Server Error: /api/accounts/login/
Traceback (most recent call last):
  File "C:\Users\HP\Desktop\Zunto-1\Zunto\.venv\Lib\site-packages\django\utils\module_loading.py", line 30, in import_string
    return cached_import(module_path, class_name)
  File "C:\Users\HP\Desktop\Zunto-1\Zunto\.venv\Lib\site-packages\django\utils\module_loading.py", line 16, in cached_import
    return getattr(module, class_name)
AttributeError: module 'redis.connection' has no attribute 'PythonParser'

The above exception was the direct cause of the following exception:

Traceback (most recent call last):
  File "C:\Users\HP\Desktop\Zunto-1\Zunto\.venv\Lib\site-packages\django\core\handlers\exception.py", line 55, in inner
    response = get_response(request)
  File "C:\Users\HP\Desktop\Zunto-1\Zunto\.venv\Lib\site-packages\django\core\handlers\base.py", line 198, in _get_response
    response = wrapped_callback(request, *callback_args, **callback_kwargs)
  File "C:\Users\HP\Desktop\Zunto-1\Zunto\.venv\Lib\site-packages\django\views\decorators\csrf.py", line 65, in _view_wrapper
    return view_func(request, *args, **kwargs)
  File "C:\Users\HP\Desktop\Zunto-1\Zunto\.venv\Lib\site-packages\django\views\generic\base.py", line 106, in view
    return self.dispatch(request, *args, **kwargs)
           ~~~~~~~~~~~~~^^^^^^^^^^^^^^^^^^^^^^^^^^
  File "C:\Users\HP\Desktop\Zunto-1\Zunto\.venv\Lib\site-packages\rest_framework\views.py", line 515, in dispatch
    response = self.handle_exception(exc)
  File "C:\Users\HP\Desktop\Zunto-1\Zunto\.venv\Lib\site-packages\rest_framework\views.py", line 475, in handle_exception
    self.raise_uncaught_exception(exc)
    ~~~~~~~~~~~~~~~~~~~~~~~~~~~~~^^^^^
  File "C:\Users\HP\Desktop\Zunto-1\Zunto\.venv\Lib\site-packages\rest_framework\views.py", line 486, in raise_uncaught_exception
    raise exc
  File "C:\Users\HP\Desktop\Zunto-1\Zunto\.venv\Lib\site-packages\rest_framework\views.py", line 512, in dispatch
    response = handler(request, *args, **kwargs)
  File "C:\Users\HP\Desktop\Zunto-1\Zunto\.venv\Lib\site-packages\django\utils\decorators.py", line 48, in _wrapper
    return bound_method(*args, **kwargs)
  File "C:\Users\HP\Desktop\Zunto-1\Zunto\.venv\Lib\site-packages\django_ratelimit\decorators.py", line 19, in _wrapped
    ratelimited = is_ratelimited(request=request, group=group, fn=fn,
                                 key=key, rate=rate, method=method,
                                 increment=True)
  File "C:\Users\HP\Desktop\Zunto-1\Zunto\.venv\Lib\site-packages\django_ratelimit\core.py", line 153, in is_ratelimited
    usage = get_usage(request, group, fn, key, rate, method, increment)
  File "C:\Users\HP\Desktop\Zunto-1\Zunto\.venv\Lib\site-packages\django_ratelimit\core.py", line 231, in get_usage
    added = cache.add(cache_key, initial_value, period + EXPIRATION_FUDGE)
  File "C:\Users\HP\Desktop\Zunto-1\Zunto\.venv\Lib\site-packages\django\core\cache\backends\redis.py", line 184, in add
    return self._cache.add(key, value, self.get_backend_timeout(timeout))
           ^^^^^^^^^^^
  File "C:\Users\HP\Desktop\Zunto-1\Zunto\.venv\Lib\site-packages\django\utils\functional.py", line 47, in __get__
    res = instance.__dict__[self.name] = self.func(instance)
                                         ~~~~~~~~~^^^^^^^^^^
  File "C:\Users\HP\Desktop\Zunto-1\Zunto\.venv\Lib\site-packages\django\core\cache\backends\redis.py", line 173, in _cache
    return self._class(self._servers, **self._options)
           ~~~~~~~~~~~^^^^^^^^^^^^^^^^^^^^^^^^^^^^^^^^
  File "C:\Users\HP\Desktop\Zunto-1\Zunto\.venv\Lib\site-packages\django\core\cache\backends\redis.py", line 59, in __init__
    parser_class = import_string(parser_class)
  File "C:\Users\HP\Desktop\Zunto-1\Zunto\.venv\Lib\site-packages\django\utils\module_loading.py", line 32, in import_string
    raise ImportError(
    ...<2 lines>...
    ) from err
ImportError: Module "redis.connection" does not define a "PythonParser" attribute/class
ERROR 2025-12-29 21:47:11,563 log 13740 9692 "POST /api/accounts/login/?next=/dashboard/ HTTP/1.1" 500 152809
ERROR 2025-12-31 12:32:18,349 log 6460 2648 Internal Server Error: /dashboard/
Traceback (most recent call last):
  File "C:\Users\HP\Desktop\Zunto-1\Zunto\.venv\Lib\site-packages\django\core\handlers\exception.py", line 55, in inner
    response = get_response(request)
  File "C:\Users\HP\Desktop\Zunto-1\Zunto\.venv\Lib\site-packages\django\core\handlers\base.py", line 221, in _get_response
    response = response.render()
  File "C:\Users\HP\Desktop\Zunto-1\Zunto\.venv\Lib\site-packages\django\template\response.py", line 114, in render
    self.content = self.rendered_content
                   ^^^^^^^^^^^^^^^^^^^^^
  File "C:\Users\HP\Desktop\Zunto-1\Zunto\.venv\Lib\site-packages\django\template\response.py", line 92, in rendered_content
    return template.render(context, self._request)
           ~~~~~~~~~~~~~~~^^^^^^^^^^^^^^^^^^^^^^^^
  File "C:\Users\HP\Desktop\Zunto-1\Zunto\.venv\Lib\site-packages\django\template\backends\django.py", line 107, in render
    return self.template.render(context)
           ~~~~~~~~~~~~~~~~~~~~^^^^^^^^^
  File "C:\Users\HP\Desktop\Zunto-1\Zunto\.venv\Lib\site-packages\django\template\base.py", line 174, in render
    return self._render(context)
           ~~~~~~~~~~~~^^^^^^^^^
  File "C:\Users\HP\Desktop\Zunto-1\Zunto\.venv\Lib\site-packages\django\template\base.py", line 166, in _render
    return self.nodelist.render(context)
           ~~~~~~~~~~~~~~~~~~~~^^^^^^^^^
  File "C:\Users\HP\Desktop\Zunto-1\Zunto\.venv\Lib\site-packages\django\template\base.py", line 1091, in render
    return SafeString("".join([node.render_annotated(context) for node in self]))
                               ~~~~~~~~~~~~~~~~~~~~~^^^^^^^^^
  File "C:\Users\HP\Desktop\Zunto-1\Zunto\.venv\Lib\site-packages\django\template\base.py", line 1052, in render_annotated
    return self.render(context)
           ~~~~~~~~~~~^^^^^^^^^
  File "C:\Users\HP\Desktop\Zunto-1\Zunto\.venv\Lib\site-packages\django\template\defaulttags.py", line 511, in render
    url = reverse(view_name, args=args, kwargs=kwargs, current_app=current_app)
  File "C:\Users\HP\Desktop\Zunto-1\Zunto\.venv\Lib\site-packages\django\urls\base.py", line 98, in reverse
    resolved_url = resolver._reverse_with_prefix(view, prefix, *args, **kwargs)
  File "C:\Users\HP\Desktop\Zunto-1\Zunto\.venv\Lib\site-packages\django\urls\resolvers.py", line 842, in _reverse_with_prefix
    raise NoReverseMatch(msg)
django.urls.exceptions.NoReverseMatch: Reverse for 'products' not found. 'products' is not a valid view function or pattern name.
ERROR 2025-12-31 12:32:18,359 log 6460 2648 "GET /dashboard/ HTTP/1.1" 500 136206
ERROR 2025-12-31 12:33:08,567 log 9488 12008 Internal Server Error: /dashboard/
Traceback (most recent call last):
  File "C:\Users\HP\Desktop\Zunto-1\Zunto\.venv\Lib\site-packages\django\core\handlers\exception.py", line 55, in inner
    response = get_response(request)
  File "C:\Users\HP\Desktop\Zunto-1\Zunto\.venv\Lib\site-packages\django\core\handlers\base.py", line 221, in _get_response
    response = response.render()
  File "C:\Users\HP\Desktop\Zunto-1\Zunto\.venv\Lib\site-packages\django\template\response.py", line 114, in render
    self.content = self.rendered_content
                   ^^^^^^^^^^^^^^^^^^^^^
  File "C:\Users\HP\Desktop\Zunto-1\Zunto\.venv\Lib\site-packages\django\template\response.py", line 92, in rendered_content
    return template.render(context, self._request)
           ~~~~~~~~~~~~~~~^^^^^^^^^^^^^^^^^^^^^^^^
  File "C:\Users\HP\Desktop\Zunto-1\Zunto\.venv\Lib\site-packages\django\template\backends\django.py", line 107, in render
    return self.template.render(context)
           ~~~~~~~~~~~~~~~~~~~~^^^^^^^^^
  File "C:\Users\HP\Desktop\Zunto-1\Zunto\.venv\Lib\site-packages\django\template\base.py", line 174, in render
    return self._render(context)
           ~~~~~~~~~~~~^^^^^^^^^
  File "C:\Users\HP\Desktop\Zunto-1\Zunto\.venv\Lib\site-packages\django\template\base.py", line 166, in _render
    return self.nodelist.render(context)
           ~~~~~~~~~~~~~~~~~~~~^^^^^^^^^
  File "C:\Users\HP\Desktop\Zunto-1\Zunto\.venv\Lib\site-packages\django\template\base.py", line 1091, in render
    return SafeString("".join([node.render_annotated(context) for node in self]))
                               ~~~~~~~~~~~~~~~~~~~~~^^^^^^^^^
  File "C:\Users\HP\Desktop\Zunto-1\Zunto\.venv\Lib\site-packages\django\template\base.py", line 1052, in render_annotated
    return self.render(context)
           ~~~~~~~~~~~^^^^^^^^^
  File "C:\Users\HP\Desktop\Zunto-1\Zunto\.venv\Lib\site-packages\django\template\defaulttags.py", line 511, in render
    url = reverse(view_name, args=args, kwargs=kwargs, current_app=current_app)
  File "C:\Users\HP\Desktop\Zunto-1\Zunto\.venv\Lib\site-packages\django\urls\base.py", line 98, in reverse
    resolved_url = resolver._reverse_with_prefix(view, prefix, *args, **kwargs)
  File "C:\Users\HP\Desktop\Zunto-1\Zunto\.venv\Lib\site-packages\django\urls\resolvers.py", line 842, in _reverse_with_prefix
    raise NoReverseMatch(msg)
django.urls.exceptions.NoReverseMatch: Reverse for 'orders' not found. 'orders' is not a valid view function or pattern name.
ERROR 2025-12-31 12:33:08,575 log 9488 12008 "GET /dashboard/ HTTP/1.1" 500 136114
ERROR 2025-12-31 12:33:33,398 log 17120 14936 Internal Server Error: /dashboard/
Traceback (most recent call last):
  File "C:\Users\HP\Desktop\Zunto-1\Zunto\.venv\Lib\site-packages\django\core\handlers\exception.py", line 55, in inner
    response = get_response(request)
  File "C:\Users\HP\Desktop\Zunto-1\Zunto\.venv\Lib\site-packages\django\core\handlers\base.py", line 221, in _get_response
    response = response.render()
  File "C:\Users\HP\Desktop\Zunto-1\Zunto\.venv\Lib\site-packages\django\template\response.py", line 114, in render
    self.content = self.rendered_content
                   ^^^^^^^^^^^^^^^^^^^^^
  File "C:\Users\HP\Desktop\Zunto-1\Zunto\.venv\Lib\site-packages\django\template\response.py", line 92, in rendered_content
    return template.render(context, self._request)
           ~~~~~~~~~~~~~~~^^^^^^^^^^^^^^^^^^^^^^^^
  File "C:\Users\HP\Desktop\Zunto-1\Zunto\.venv\Lib\site-packages\django\template\backends\django.py", line 107, in render
    return self.template.render(context)
           ~~~~~~~~~~~~~~~~~~~~^^^^^^^^^
  File "C:\Users\HP\Desktop\Zunto-1\Zunto\.venv\Lib\site-packages\django\template\base.py", line 174, in render
    return self._render(context)
           ~~~~~~~~~~~~^^^^^^^^^
  File "C:\Users\HP\Desktop\Zunto-1\Zunto\.venv\Lib\site-packages\django\template\base.py", line 166, in _render
    return self.nodelist.render(context)
           ~~~~~~~~~~~~~~~~~~~~^^^^^^^^^
  File "C:\Users\HP\Desktop\Zunto-1\Zunto\.venv\Lib\site-packages\django\template\base.py", line 1091, in render
    return SafeString("".join([node.render_annotated(context) for node in self]))
                               ~~~~~~~~~~~~~~~~~~~~~^^^^^^^^^
  File "C:\Users\HP\Desktop\Zunto-1\Zunto\.venv\Lib\site-packages\django\template\base.py", line 1052, in render_annotated
    return self.render(context)
           ~~~~~~~~~~~^^^^^^^^^
  File "C:\Users\HP\Desktop\Zunto-1\Zunto\.venv\Lib\site-packages\django\template\defaulttags.py", line 511, in render
    url = reverse(view_name, args=args, kwargs=kwargs, current_app=current_app)
  File "C:\Users\HP\Desktop\Zunto-1\Zunto\.venv\Lib\site-packages\django\urls\base.py", line 98, in reverse
    resolved_url = resolver._reverse_with_prefix(view, prefix, *args, **kwargs)
  File "C:\Users\HP\Desktop\Zunto-1\Zunto\.venv\Lib\site-packages\django\urls\resolvers.py", line 842, in _reverse_with_prefix
    raise NoReverseMatch(msg)
django.urls.exceptions.NoReverseMatch: Reverse for 'analytics' not found. 'analytics' is not a valid view function or pattern name.
ERROR 2025-12-31 12:33:33,405 log 17120 14936 "GET /dashboard/ HTTP/1.1" 500 136828
ERROR 2026-01-01 11:39:53,589 log 20120 11320 Internal Server Error: /analytics/
Traceback (most recent call last):
  File "C:\Users\HP\Desktop\Zunto-1\Zunto\.venv\Lib\site-packages\django\core\handlers\exception.py", line 55, in inner
    response = get_response(request)
  File "C:\Users\HP\Desktop\Zunto-1\Zunto\.venv\Lib\site-packages\django\core\handlers\base.py", line 198, in _get_response
    response = wrapped_callback(request, *callback_args, **callback_kwargs)
  File "C:\Users\HP\Desktop\Zunto-1\Zunto\Analytic\views.py", line 15, in analytics_view
    end_date = datetime.now()
               ^^^^^^^^
NameError: name 'datetime' is not defined. Did you forget to import 'datetime'?
ERROR 2026-01-01 11:39:53,593 log 20120 11320 "GET /analytics/ HTTP/1.1" 500 73972
ERROR 2026-01-01 11:40:06,935 log 8660 19148 Internal Server Error: /analytics/
Traceback (most recent call last):
  File "C:\Users\HP\Desktop\Zunto-1\Zunto\.venv\Lib\site-packages\django\core\handlers\exception.py", line 55, in inner
    response = get_response(request)
  File "C:\Users\HP\Desktop\Zunto-1\Zunto\.venv\Lib\site-packages\django\core\handlers\base.py", line 198, in _get_response
    response = wrapped_callback(request, *callback_args, **callback_kwargs)
  File "C:\Users\HP\Desktop\Zunto-1\Zunto\Analytic\views.py", line 27, in analytics_view
    orders = Order.objects.filter(created_at__gte=start_date)
             ^^^^^
NameError: name 'Order' is not defined
ERROR 2026-01-01 11:40:06,941 log 8660 19148 "GET /analytics/ HTTP/1.1" 500 74507
ERROR 2026-01-01 11:42:04,291 log 7396 1228 Internal Server Error: /analytics/
Traceback (most recent call last):
  File "C:\Users\HP\Desktop\Zunto-1\Zunto\.venv\Lib\site-packages\django\core\handlers\exception.py", line 55, in inner
    response = get_response(request)
  File "C:\Users\HP\Desktop\Zunto-1\Zunto\.venv\Lib\site-packages\django\core\handlers\base.py", line 198, in _get_response
    response = wrapped_callback(request, *callback_args, **callback_kwargs)
  File "C:\Users\HP\Desktop\Zunto-1\Zunto\Analytic\views.py", line 4, in analytics_dashboard
    return render(request, "Analytic/Analytics dashboard.html")
  File "C:\Users\HP\Desktop\Zunto-1\Zunto\.venv\Lib\site-packages\django\shortcuts.py", line 25, in render
    content = loader.render_to_string(template_name, context, request, using=using)
  File "C:\Users\HP\Desktop\Zunto-1\Zunto\.venv\Lib\site-packages\django\template\loader.py", line 62, in render_to_string
    return template.render(context, request)
           ~~~~~~~~~~~~~~~^^^^^^^^^^^^^^^^^^
  File "C:\Users\HP\Desktop\Zunto-1\Zunto\.venv\Lib\site-packages\django\template\backends\django.py", line 107, in render
    return self.template.render(context)
           ~~~~~~~~~~~~~~~~~~~~^^^^^^^^^
  File "C:\Users\HP\Desktop\Zunto-1\Zunto\.venv\Lib\site-packages\django\template\base.py", line 174, in render
    return self._render(context)
           ~~~~~~~~~~~~^^^^^^^^^
  File "C:\Users\HP\Desktop\Zunto-1\Zunto\.venv\Lib\site-packages\django\template\base.py", line 166, in _render
    return self.nodelist.render(context)
           ~~~~~~~~~~~~~~~~~~~~^^^^^^^^^
  File "C:\Users\HP\Desktop\Zunto-1\Zunto\.venv\Lib\site-packages\django\template\base.py", line 1091, in render
    return SafeString("".join([node.render_annotated(context) for node in self]))
                               ~~~~~~~~~~~~~~~~~~~~~^^^^^^^^^
  File "C:\Users\HP\Desktop\Zunto-1\Zunto\.venv\Lib\site-packages\django\template\base.py", line 1052, in render_annotated
    return self.render(context)
           ~~~~~~~~~~~^^^^^^^^^
  File "C:\Users\HP\Desktop\Zunto-1\Zunto\.venv\Lib\site-packages\django\template\defaulttags.py", line 511, in render
    url = reverse(view_name, args=args, kwargs=kwargs, current_app=current_app)
  File "C:\Users\HP\Desktop\Zunto-1\Zunto\.venv\Lib\site-packages\django\urls\base.py", line 98, in reverse
    resolved_url = resolver._reverse_with_prefix(view, prefix, *args, **kwargs)
  File "C:\Users\HP\Desktop\Zunto-1\Zunto\.venv\Lib\site-packages\django\urls\resolvers.py", line 842, in _reverse_with_prefix
    raise NoReverseMatch(msg)
django.urls.exceptions.NoReverseMatch: Reverse for 'dashboard' not found. 'dashboard' is not a valid view function or pattern name.
ERROR 2026-01-01 11:42:04,301 log 7396 1228 "GET /analytics/ HTTP/1.1" 500 125142
ERROR 2026-01-04 16:43:05,081 log 7396 11788 Internal Server Error: /api/accounts/login/
Traceback (most recent call last):
  File "C:\Users\HP\Desktop\Zunto-1\Zunto\.venv\Lib\site-packages\django\utils\module_loading.py", line 30, in import_string
    return cached_import(module_path, class_name)
  File "C:\Users\HP\Desktop\Zunto-1\Zunto\.venv\Lib\site-packages\django\utils\module_loading.py", line 16, in cached_import
    return getattr(module, class_name)
AttributeError: module 'redis.connection' has no attribute 'PythonParser'

The above exception was the direct cause of the following exception:

Traceback (most recent call last):
  File "C:\Users\HP\Desktop\Zunto-1\Zunto\.venv\Lib\site-packages\django\core\handlers\exception.py", line 55, in inner
    response = get_response(request)
  File "C:\Users\HP\Desktop\Zunto-1\Zunto\.venv\Lib\site-packages\django\core\handlers\base.py", line 198, in _get_response
    response = wrapped_callback(request, *callback_args, **callback_kwargs)
  File "C:\Users\HP\Desktop\Zunto-1\Zunto\.venv\Lib\site-packages\django\views\decorators\csrf.py", line 65, in _view_wrapper
    return view_func(request, *args, **kwargs)
  File "C:\Users\HP\Desktop\Zunto-1\Zunto\.venv\Lib\site-packages\django\views\generic\base.py", line 106, in view
    return self.dispatch(request, *args, **kwargs)
           ~~~~~~~~~~~~~^^^^^^^^^^^^^^^^^^^^^^^^^^
  File "C:\Users\HP\Desktop\Zunto-1\Zunto\.venv\Lib\site-packages\rest_framework\views.py", line 515, in dispatch
    response = self.handle_exception(exc)
  File "C:\Users\HP\Desktop\Zunto-1\Zunto\.venv\Lib\site-packages\rest_framework\views.py", line 475, in handle_exception
    self.raise_uncaught_exception(exc)
    ~~~~~~~~~~~~~~~~~~~~~~~~~~~~~^^^^^
  File "C:\Users\HP\Desktop\Zunto-1\Zunto\.venv\Lib\site-packages\rest_framework\views.py", line 486, in raise_uncaught_exception
    raise exc
  File "C:\Users\HP\Desktop\Zunto-1\Zunto\.venv\Lib\site-packages\rest_framework\views.py", line 512, in dispatch
    response = handler(request, *args, **kwargs)
  File "C:\Users\HP\Desktop\Zunto-1\Zunto\.venv\Lib\site-packages\django\utils\decorators.py", line 48, in _wrapper
    return bound_method(*args, **kwargs)
  File "C:\Users\HP\Desktop\Zunto-1\Zunto\.venv\Lib\site-packages\django_ratelimit\decorators.py", line 19, in _wrapped
    ratelimited = is_ratelimited(request=request, group=group, fn=fn,
                                 key=key, rate=rate, method=method,
                                 increment=True)
  File "C:\Users\HP\Desktop\Zunto-1\Zunto\.venv\Lib\site-packages\django_ratelimit\core.py", line 153, in is_ratelimited
    usage = get_usage(request, group, fn, key, rate, method, increment)
  File "C:\Users\HP\Desktop\Zunto-1\Zunto\.venv\Lib\site-packages\django_ratelimit\core.py", line 231, in get_usage
    added = cache.add(cache_key, initial_value, period + EXPIRATION_FUDGE)
  File "C:\Users\HP\Desktop\Zunto-1\Zunto\.venv\Lib\site-packages\django\core\cache\backends\redis.py", line 184, in add
    return self._cache.add(key, value, self.get_backend_timeout(timeout))
           ^^^^^^^^^^^
  File "C:\Users\HP\Desktop\Zunto-1\Zunto\.venv\Lib\site-packages\django\utils\functional.py", line 47, in __get__
    res = instance.__dict__[self.name] = self.func(instance)
                                         ~~~~~~~~~^^^^^^^^^^
  File "C:\Users\HP\Desktop\Zunto-1\Zunto\.venv\Lib\site-packages\django\core\cache\backends\redis.py", line 173, in _cache
    return self._class(self._servers, **self._options)
           ~~~~~~~~~~~^^^^^^^^^^^^^^^^^^^^^^^^^^^^^^^^
  File "C:\Users\HP\Desktop\Zunto-1\Zunto\.venv\Lib\site-packages\django\core\cache\backends\redis.py", line 59, in __init__
    parser_class = import_string(parser_class)
  File "C:\Users\HP\Desktop\Zunto-1\Zunto\.venv\Lib\site-packages\django\utils\module_loading.py", line 32, in import_string
    raise ImportError(
    ...<2 lines>...
    ) from err
ImportError: Module "redis.connection" does not define a "PythonParser" attribute/class
ERROR 2026-01-04 16:43:05,102 log 7396 11788 "POST /api/accounts/login/?next=/dashboard/ HTTP/1.1" 500 152988
ERROR 2026-01-04 16:56:03,025 log 21436 18756 Internal Server Error: /dashboard/
Traceback (most recent call last):
  File "C:\Users\HP\Desktop\Zunto-1\Zunto\.venv\Lib\site-packages\django\core\handlers\exception.py", line 55, in inner
    response = get_response(request)
  File "C:\Users\HP\Desktop\Zunto-1\Zunto\.venv\Lib\site-packages\django\core\handlers\base.py", line 198, in _get_response
    response = wrapped_callback(request, *callback_args, **callback_kwargs)
  File "C:\Users\HP\Desktop\Zunto-1\Zunto\.venv\Lib\site-packages\django\views\generic\base.py", line 106, in view
    return self.dispatch(request, *args, **kwargs)
           ~~~~~~~~~~~~~^^^^^^^^^^^^^^^^^^^^^^^^^^
  File "C:\Users\HP\Desktop\Zunto-1\Zunto\.venv\Lib\site-packages\django\contrib\auth\mixins.py", line 73, in dispatch
    return self.handle_no_permission()
           ~~~~~~~~~~~~~~~~~~~~~~~~~^^
  File "C:\Users\HP\Desktop\Zunto-1\Zunto\.venv\Lib\site-packages\django\contrib\auth\mixins.py", line 52, in handle_no_permission
    resolved_login_url = resolve_url(self.get_login_url())
  File "C:\Users\HP\Desktop\Zunto-1\Zunto\.venv\Lib\site-packages\django\shortcuts.py", line 184, in resolve_url
    return reverse(to, args=args, kwargs=kwargs)
  File "C:\Users\HP\Desktop\Zunto-1\Zunto\.venv\Lib\site-packages\django\urls\base.py", line 98, in reverse
    resolved_url = resolver._reverse_with_prefix(view, prefix, *args, **kwargs)
  File "C:\Users\HP\Desktop\Zunto-1\Zunto\.venv\Lib\site-packages\django\urls\resolvers.py", line 842, in _reverse_with_prefix
    raise NoReverseMatch(msg)
django.urls.exceptions.NoReverseMatch: Reverse for 'home' not found. 'home' is not a valid view function or pattern name.
ERROR 2026-01-04 16:56:03,035 log 21436 18756 "GET /dashboard/ HTTP/1.1" 500 99341
ERROR 2026-01-04 16:57:39,605 log 18840 17092 Internal Server Error: /api/accounts/login/
Traceback (most recent call last):
  File "C:\Users\HP\Desktop\Zunto-1\Zunto\.venv\Lib\site-packages\django\utils\module_loading.py", line 30, in import_string
    return cached_import(module_path, class_name)
  File "C:\Users\HP\Desktop\Zunto-1\Zunto\.venv\Lib\site-packages\django\utils\module_loading.py", line 16, in cached_import
    return getattr(module, class_name)
AttributeError: module 'redis.connection' has no attribute 'PythonParser'

The above exception was the direct cause of the following exception:

Traceback (most recent call last):
  File "C:\Users\HP\Desktop\Zunto-1\Zunto\.venv\Lib\site-packages\django\core\handlers\exception.py", line 55, in inner
    response = get_response(request)
  File "C:\Users\HP\Desktop\Zunto-1\Zunto\.venv\Lib\site-packages\django\core\handlers\base.py", line 198, in _get_response
    response = wrapped_callback(request, *callback_args, **callback_kwargs)
  File "C:\Users\HP\Desktop\Zunto-1\Zunto\.venv\Lib\site-packages\django\views\decorators\csrf.py", line 65, in _view_wrapper
    return view_func(request, *args, **kwargs)
  File "C:\Users\HP\Desktop\Zunto-1\Zunto\.venv\Lib\site-packages\django\views\generic\base.py", line 106, in view
    return self.dispatch(request, *args, **kwargs)
           ~~~~~~~~~~~~~^^^^^^^^^^^^^^^^^^^^^^^^^^
  File "C:\Users\HP\Desktop\Zunto-1\Zunto\.venv\Lib\site-packages\rest_framework\views.py", line 515, in dispatch
    response = self.handle_exception(exc)
  File "C:\Users\HP\Desktop\Zunto-1\Zunto\.venv\Lib\site-packages\rest_framework\views.py", line 475, in handle_exception
    self.raise_uncaught_exception(exc)
    ~~~~~~~~~~~~~~~~~~~~~~~~~~~~~^^^^^
  File "C:\Users\HP\Desktop\Zunto-1\Zunto\.venv\Lib\site-packages\rest_framework\views.py", line 486, in raise_uncaught_exception
    raise exc
  File "C:\Users\HP\Desktop\Zunto-1\Zunto\.venv\Lib\site-packages\rest_framework\views.py", line 512, in dispatch
    response = handler(request, *args, **kwargs)
  File "C:\Users\HP\Desktop\Zunto-1\Zunto\.venv\Lib\site-packages\django\utils\decorators.py", line 48, in _wrapper
    return bound_method(*args, **kwargs)
  File "C:\Users\HP\Desktop\Zunto-1\Zunto\.venv\Lib\site-packages\django_ratelimit\decorators.py", line 19, in _wrapped
    ratelimited = is_ratelimited(request=request, group=group, fn=fn,
                                 key=key, rate=rate, method=method,
                                 increment=True)
  File "C:\Users\HP\Desktop\Zunto-1\Zunto\.venv\Lib\site-packages\django_ratelimit\core.py", line 153, in is_ratelimited
    usage = get_usage(request, group, fn, key, rate, method, increment)
  File "C:\Users\HP\Desktop\Zunto-1\Zunto\.venv\Lib\site-packages\django_ratelimit\core.py", line 231, in get_usage
    added = cache.add(cache_key, initial_value, period + EXPIRATION_FUDGE)
  File "C:\Users\HP\Desktop\Zunto-1\Zunto\.venv\Lib\site-packages\django\core\cache\backends\redis.py", line 184, in add
    return self._cache.add(key, value, self.get_backend_timeout(timeout))
           ^^^^^^^^^^^
  File "C:\Users\HP\Desktop\Zunto-1\Zunto\.venv\Lib\site-packages\django\utils\functional.py", line 47, in __get__
    res = instance.__dict__[self.name] = self.func(instance)
                                         ~~~~~~~~~^^^^^^^^^^
  File "C:\Users\HP\Desktop\Zunto-1\Zunto\.venv\Lib\site-packages\django\core\cache\backends\redis.py", line 173, in _cache
    return self._class(self._servers, **self._options)
           ~~~~~~~~~~~^^^^^^^^^^^^^^^^^^^^^^^^^^^^^^^^
  File "C:\Users\HP\Desktop\Zunto-1\Zunto\.venv\Lib\site-packages\django\core\cache\backends\redis.py", line 59, in __init__
    parser_class = import_string(parser_class)
  File "C:\Users\HP\Desktop\Zunto-1\Zunto\.venv\Lib\site-packages\django\utils\module_loading.py", line 32, in import_string
    raise ImportError(
    ...<2 lines>...
    ) from err
ImportError: Module "redis.connection" does not define a "PythonParser" attribute/class
ERROR 2026-01-04 16:57:39,623 log 18840 17092 "POST /api/accounts/login/?next=/dashboard/ HTTP/1.1" 500 152991
ERROR 2026-01-04 16:57:58,330 log 18840 17092 Internal Server Error: /api/accounts/login/
Traceback (most recent call last):
  File "C:\Users\HP\Desktop\Zunto-1\Zunto\.venv\Lib\site-packages\django\utils\module_loading.py", line 30, in import_string
    return cached_import(module_path, class_name)
  File "C:\Users\HP\Desktop\Zunto-1\Zunto\.venv\Lib\site-packages\django\utils\module_loading.py", line 16, in cached_import
    return getattr(module, class_name)
AttributeError: module 'redis.connection' has no attribute 'PythonParser'

The above exception was the direct cause of the following exception:

Traceback (most recent call last):
  File "C:\Users\HP\Desktop\Zunto-1\Zunto\.venv\Lib\site-packages\django\core\handlers\exception.py", line 55, in inner
    response = get_response(request)
  File "C:\Users\HP\Desktop\Zunto-1\Zunto\.venv\Lib\site-packages\django\core\handlers\base.py", line 198, in _get_response
    response = wrapped_callback(request, *callback_args, **callback_kwargs)
  File "C:\Users\HP\Desktop\Zunto-1\Zunto\.venv\Lib\site-packages\django\views\decorators\csrf.py", line 65, in _view_wrapper
    return view_func(request, *args, **kwargs)
  File "C:\Users\HP\Desktop\Zunto-1\Zunto\.venv\Lib\site-packages\django\views\generic\base.py", line 106, in view
    return self.dispatch(request, *args, **kwargs)
           ~~~~~~~~~~~~~^^^^^^^^^^^^^^^^^^^^^^^^^^
  File "C:\Users\HP\Desktop\Zunto-1\Zunto\.venv\Lib\site-packages\rest_framework\views.py", line 515, in dispatch
    response = self.handle_exception(exc)
  File "C:\Users\HP\Desktop\Zunto-1\Zunto\.venv\Lib\site-packages\rest_framework\views.py", line 475, in handle_exception
    self.raise_uncaught_exception(exc)
    ~~~~~~~~~~~~~~~~~~~~~~~~~~~~~^^^^^
  File "C:\Users\HP\Desktop\Zunto-1\Zunto\.venv\Lib\site-packages\rest_framework\views.py", line 486, in raise_uncaught_exception
    raise exc
  File "C:\Users\HP\Desktop\Zunto-1\Zunto\.venv\Lib\site-packages\rest_framework\views.py", line 512, in dispatch
    response = handler(request, *args, **kwargs)
  File "C:\Users\HP\Desktop\Zunto-1\Zunto\.venv\Lib\site-packages\django\utils\decorators.py", line 48, in _wrapper
    return bound_method(*args, **kwargs)
  File "C:\Users\HP\Desktop\Zunto-1\Zunto\.venv\Lib\site-packages\django_ratelimit\decorators.py", line 19, in _wrapped
    ratelimited = is_ratelimited(request=request, group=group, fn=fn,
                                 key=key, rate=rate, method=method,
                                 increment=True)
  File "C:\Users\HP\Desktop\Zunto-1\Zunto\.venv\Lib\site-packages\django_ratelimit\core.py", line 153, in is_ratelimited
    usage = get_usage(request, group, fn, key, rate, method, increment)
  File "C:\Users\HP\Desktop\Zunto-1\Zunto\.venv\Lib\site-packages\django_ratelimit\core.py", line 231, in get_usage
    added = cache.add(cache_key, initial_value, period + EXPIRATION_FUDGE)
  File "C:\Users\HP\Desktop\Zunto-1\Zunto\.venv\Lib\site-packages\django\core\cache\backends\redis.py", line 184, in add
    return self._cache.add(key, value, self.get_backend_timeout(timeout))
           ^^^^^^^^^^^
  File "C:\Users\HP\Desktop\Zunto-1\Zunto\.venv\Lib\site-packages\django\utils\functional.py", line 47, in __get__
    res = instance.__dict__[self.name] = self.func(instance)
                                         ~~~~~~~~~^^^^^^^^^^
  File "C:\Users\HP\Desktop\Zunto-1\Zunto\.venv\Lib\site-packages\django\core\cache\backends\redis.py", line 173, in _cache
    return self._class(self._servers, **self._options)
           ~~~~~~~~~~~^^^^^^^^^^^^^^^^^^^^^^^^^^^^^^^^
  File "C:\Users\HP\Desktop\Zunto-1\Zunto\.venv\Lib\site-packages\django\core\cache\backends\redis.py", line 59, in __init__
    parser_class = import_string(parser_class)
  File "C:\Users\HP\Desktop\Zunto-1\Zunto\.venv\Lib\site-packages\django\utils\module_loading.py", line 32, in import_string
    raise ImportError(
    ...<2 lines>...
    ) from err
ImportError: Module "redis.connection" does not define a "PythonParser" attribute/class
ERROR 2026-01-04 16:57:58,339 log 18840 17092 "POST /api/accounts/login/?next=/dashboard/ HTTP/1.1" 500 152988
